<?xml version="1.0" encoding="UTF-8"?>
<testsuite xmlns:xsi="http://www.w3.org/2001/XMLSchema-instance" xsi:noNamespaceSchemaLocation="https://maven.apache.org/surefire/maven-surefire-plugin/xsd/surefire-test-report-3.0.xsd" version="3.0" name="com.cinarcorp.orderLine.repository.UserRepositoryTest" time="0.192" tests="3" errors="0" skipped="0" failures="0">
  <properties>
[...]
</properties>
  <testcase name="testFindAllUsers" classname="com.cinarcorp.orderLine.repository.UserRepositoryTest" time="0.11">
    <system-out><![CDATA[2023-09-27T16:48:25.180+03:00  INFO 16044 --- [           main] t.c.s.AnnotationConfigContextLoaderUtils : Could not detect default configuration classes for test class [com.cinarcorp.orderLine.repository.UserRepositoryTest]: UserRepositoryTest does not declare any static, non-private, non-final, nested classes annotated with @Configuration.
2023-09-27T16:48:25.190+03:00  INFO 16044 --- [           main] .b.t.c.SpringBootTestContextBootstrapper : Found @SpringBootConfiguration com.cinarcorp.orderLine.OrderLineApplication for test class com.cinarcorp.orderLine.repository.UserRepositoryTest
Hibernate: select u1_0.id,u1_0.address,u1_0.email_address,u1_0.first_name,u1_0.last_name from tbl_users u1_0
Hibernate: select o1_0.user_id,o1_0.id,o1_0.is_complete,o1_0.order_date,o1_0.piece,o1_0.total_paid from tbl_orders o1_0 where o1_0.user_id=?
Hibernate: select p1_0.order_id,p1_0.id,p1_0.description,p1_0.price,p1_0.product_name from tbl_products p1_0 where p1_0.order_id=?
Hibernate: select o1_0.user_id,o1_0.id,o1_0.is_complete,o1_0.order_date,o1_0.piece,o1_0.total_paid from tbl_orders o1_0 where o1_0.user_id=?
Hibernate: select p1_0.order_id,p1_0.id,p1_0.description,p1_0.price,p1_0.product_name from tbl_products p1_0 where p1_0.order_id=?
Hibernate: select o1_0.user_id,o1_0.id,o1_0.is_complete,o1_0.order_date,o1_0.piece,o1_0.total_paid from tbl_orders o1_0 where o1_0.user_id=?
Hibernate: select p1_0.order_id,p1_0.id,p1_0.description,p1_0.price,p1_0.product_name from tbl_products p1_0 where p1_0.order_id=?
Hibernate: select o1_0.user_id,o1_0.id,o1_0.is_complete,o1_0.order_date,o1_0.piece,o1_0.total_paid from tbl_orders o1_0 where o1_0.user_id=?
Hibernate: select p1_0.order_id,p1_0.id,p1_0.description,p1_0.price,p1_0.product_name from tbl_products p1_0 where p1_0.order_id=?
User ID: 0d3f613c-34c3-43f1-affa-07d621ad4de7
First Name: John
Last Name: Doe
Address: 123 Main St
Email: john.doe@example.com
Order ID: ba75b681-809e-4a82-9185-be43d611d8d1
------------------------------
User ID: 2c317f2a-c724-4eb8-88ee-d6e95ae51c7f
First Name: John
Last Name: Doe
Address: 123 Main St
Email: johndoe@example.com
Order ID: 0e352d25-5866-4717-8af0-afe7d70dfe53
------------------------------
User ID: 7a115c37-e8e8-45cd-9851-1f40c7050464
First Name: John
Last Name: Doe
Address: 123 Main St
Email: john@example.com
Order ID: e5807641-98ca-479a-8c63-5a90a6f31bb1
------------------------------
User ID: 90bb1861-ac77-49e2-ae8f-1e29b5192166
First Name: Recep
Last Name: cinar
Address: 123 Main St
Email: recepcinar@example.com
Order ID: f461a16d-30de-4371-a31c-cc7342b15fbb
------------------------------
]]></system-out>
  </testcase>
  <testcase name="getUserByEmail" classname="com.cinarcorp.orderLine.repository.UserRepositoryTest" time="0.053">
    <system-out><![CDATA[Hibernate: select u1_0.id,u1_0.address,u1_0.email_address,u1_0.first_name,u1_0.last_name from tbl_users u1_0 where u1_0.email_address=?
Hibernate: select o1_0.user_id,o1_0.id,o1_0.is_complete,o1_0.order_date,o1_0.piece,o1_0.total_paid from tbl_orders o1_0 where o1_0.user_id=?
Hibernate: select p1_0.order_id,p1_0.id,p1_0.description,p1_0.price,p1_0.product_name from tbl_products p1_0 where p1_0.order_id=?
User{id='90bb1861-ac77-49e2-ae8f-1e29b5192166', firstName='Recep', lastName='cinar', address='123 Main St', email='recepcinar@example.com', order=[Order{id='f461a16d-30de-4371-a31c-cc7342b15fbb', totalPaid=100000, piece=3, orderDate=2023-09-23T12:38:47.686348, isComplete=true, product=[Product{id='d8bfe19c-decb-4f8c-b9c5-dc3fca9f6a1a', productName='sadasda1', description='ıosjdasndsa 1', price=25}, Product{id='f3915989-e226-485f-9069-f4c59136b796', productName='asuhdasbdsna 2', description='ashdjvasdbk 2', price=35}]}]}
]]></system-out>
  </testcase>
  <testcase name="getUserById" classname="com.cinarcorp.orderLine.repository.UserRepositoryTest" time="0.011">
    <system-out><![CDATA[Hibernate: select u1_0.id,u1_0.address,u1_0.email_address,u1_0.first_name,u1_0.last_name from tbl_users u1_0 where u1_0.id=?
Hibernate: select o1_0.user_id,o1_0.id,o1_0.is_complete,o1_0.order_date,o1_0.piece,o1_0.total_paid from tbl_orders o1_0 where o1_0.user_id=?
Hibernate: select p1_0.order_id,p1_0.id,p1_0.description,p1_0.price,p1_0.product_name from tbl_products p1_0 where p1_0.order_id=?
User{id='0d3f613c-34c3-43f1-affa-07d621ad4de7', firstName='John', lastName='Doe', address='123 Main St', email='john.doe@example.com', order=[Order{id='ba75b681-809e-4a82-9185-be43d611d8d1', totalPaid=100, piece=3, orderDate=2023-09-23T12:27:11.836095, isComplete=true, product=[]}]}
]]></system-out>
  </testcase>
</testsuite>