-------------------------------------------------------------------------------
Test set: com.cinarcorp.productSupply.repository.UserRepositoryTest
-------------------------------------------------------------------------------
Tests run: 3, Failures: 0, Errors: 2, Skipped: 0, Time elapsed: 0.285 s <<< FAILURE! - in com.cinarcorp.productSupply.repository.UserRepositoryTest
com.cinarcorp.productSupply.repository.UserRepositoryTest.saveUser  Time elapsed: 0.076 s  <<< ERROR!
org.springframework.dao.DataIntegrityViolationException: could not execute statement [Duplicate entry 'sssss@outlook.com' for key 'tbl_users.emailId_unique'] [insert into tbl_users (address,email_address,first_name,last_name,id) values (?,?,?,?,?)]; SQL [insert into tbl_users (address,email_address,first_name,last_name,id) values (?,?,?,?,?)]; constraint [tbl_users.emailId_unique]
	at org.springframework.orm.jpa.vendor.HibernateJpaDialect.convertHibernateAccessException(HibernateJpaDialect.java:269)
	at org.springframework.orm.jpa.vendor.HibernateJpaDialect.translateExceptionIfPossible(HibernateJpaDialect.java:229)
	at org.springframework.orm.jpa.JpaTransactionManager.doCommit(JpaTransactionManager.java:565)
	at org.springframework.transaction.support.AbstractPlatformTransactionManager.processCommit(AbstractPlatformTransactionManager.java:743)
	at org.springframework.transaction.support.AbstractPlatformTransactionManager.commit(AbstractPlatformTransactionManager.java:711)
	at org.springframework.transaction.interceptor.TransactionAspectSupport.commitTransactionAfterReturning(TransactionAspectSupport.java:660)
	at org.springframework.transaction.interceptor.TransactionAspectSupport.invokeWithinTransaction(TransactionAspectSupport.java:410)
	at org.springframework.transaction.interceptor.TransactionInterceptor.invoke(TransactionInterceptor.java:119)
	at org.springframework.aop.framework.ReflectiveMethodInvocation.proceed(ReflectiveMethodInvocation.java:184)
	at org.springframework.dao.support.PersistenceExceptionTranslationInterceptor.invoke(PersistenceExceptionTranslationInterceptor.java:137)
	at org.springframework.aop.framework.ReflectiveMethodInvocation.proceed(ReflectiveMethodInvocation.java:184)
	at org.springframework.data.jpa.repository.support.CrudMethodMetadataPostProcessor$CrudMethodMetadataPopulatingMethodInterceptor.invoke(CrudMethodMetadataPostProcessor.java:164)
	at org.springframework.aop.framework.ReflectiveMethodInvocation.proceed(ReflectiveMethodInvocation.java:184)
	at org.springframework.aop.interceptor.ExposeInvocationInterceptor.invoke(ExposeInvocationInterceptor.java:97)
	at org.springframework.aop.framework.ReflectiveMethodInvocation.proceed(ReflectiveMethodInvocation.java:184)
	at org.springframework.aop.framework.JdkDynamicAopProxy.invoke(JdkDynamicAopProxy.java:244)
	at jdk.proxy2/jdk.proxy2.$Proxy123.save(Unknown Source)
	at com.cinarcorp.productSupply.repository.UserRepositoryTest.saveUser(UserRepositoryTest.java:29)
	at java.base/jdk.internal.reflect.DirectMethodHandleAccessor.invoke(DirectMethodHandleAccessor.java:104)
	at java.base/java.lang.reflect.Method.invoke(Method.java:578)
	at org.junit.platform.commons.util.ReflectionUtils.invokeMethod(ReflectionUtils.java:727)
	at org.junit.jupiter.engine.execution.MethodInvocation.proceed(MethodInvocation.java:60)
	at org.junit.jupiter.engine.execution.InvocationInterceptorChain$ValidatingInvocation.proceed(InvocationInterceptorChain.java:131)
	at org.junit.jupiter.engine.extension.TimeoutExtension.intercept(TimeoutExtension.java:156)
	at org.junit.jupiter.engine.extension.TimeoutExtension.interceptTestableMethod(TimeoutExtension.java:147)
	at org.junit.jupiter.engine.extension.TimeoutExtension.interceptTestMethod(TimeoutExtension.java:86)
	at org.junit.jupiter.engine.execution.InterceptingExecutableInvoker$ReflectiveInterceptorCall.lambda$ofVoidMethod$0(InterceptingExecutableInvoker.java:103)
	at org.junit.jupiter.engine.execution.InterceptingExecutableInvoker.lambda$invoke$0(InterceptingExecutableInvoker.java:93)
	at org.junit.jupiter.engine.execution.InvocationInterceptorChain$InterceptedInvocation.proceed(InvocationInterceptorChain.java:106)
	at org.junit.jupiter.engine.execution.InvocationInterceptorChain.proceed(InvocationInterceptorChain.java:64)
	at org.junit.jupiter.engine.execution.InvocationInterceptorChain.chainAndInvoke(InvocationInterceptorChain.java:45)
	at org.junit.jupiter.engine.execution.InvocationInterceptorChain.invoke(InvocationInterceptorChain.java:37)
	at org.junit.jupiter.engine.execution.InterceptingExecutableInvoker.invoke(InterceptingExecutableInvoker.java:92)
	at org.junit.jupiter.engine.execution.InterceptingExecutableInvoker.invoke(InterceptingExecutableInvoker.java:86)
	at org.junit.jupiter.engine.descriptor.TestMethodTestDescriptor.lambda$invokeTestMethod$7(TestMethodTestDescriptor.java:217)
	at org.junit.platform.engine.support.hierarchical.ThrowableCollector.execute(ThrowableCollector.java:73)
	at org.junit.jupiter.engine.descriptor.TestMethodTestDescriptor.invokeTestMethod(TestMethodTestDescriptor.java:213)
	at org.junit.jupiter.engine.descriptor.TestMethodTestDescriptor.execute(TestMethodTestDescriptor.java:138)
	at org.junit.jupiter.engine.descriptor.TestMethodTestDescriptor.execute(TestMethodTestDescriptor.java:68)
	at org.junit.platform.engine.support.hierarchical.NodeTestTask.lambda$executeRecursively$6(NodeTestTask.java:151)
	at org.junit.platform.engine.support.hierarchical.ThrowableCollector.execute(ThrowableCollector.java:73)
	at org.junit.platform.engine.support.hierarchical.NodeTestTask.lambda$executeRecursively$8(NodeTestTask.java:141)
	at org.junit.platform.engine.support.hierarchical.Node.around(Node.java:137)
	at org.junit.platform.engine.support.hierarchical.NodeTestTask.lambda$executeRecursively$9(NodeTestTask.java:139)
	at org.junit.platform.engine.support.hierarchical.ThrowableCollector.execute(ThrowableCollector.java:73)
	at org.junit.platform.engine.support.hierarchical.NodeTestTask.executeRecursively(NodeTestTask.java:138)
	at org.junit.platform.engine.support.hierarchical.NodeTestTask.execute(NodeTestTask.java:95)
	at java.base/java.util.ArrayList.forEach(ArrayList.java:1511)
	at org.junit.platform.engine.support.hierarchical.SameThreadHierarchicalTestExecutorService.invokeAll(SameThreadHierarchicalTestExecutorService.java:41)
	at org.junit.platform.engine.support.hierarchical.NodeTestTask.lambda$executeRecursively$6(NodeTestTask.java:155)
	at org.junit.platform.engine.support.hierarchical.ThrowableCollector.execute(ThrowableCollector.java:73)
	at org.junit.platform.engine.support.hierarchical.NodeTestTask.lambda$executeRecursively$8(NodeTestTask.java:141)
	at org.junit.platform.engine.support.hierarchical.Node.around(Node.java:137)
	at org.junit.platform.engine.support.hierarchical.NodeTestTask.lambda$executeRecursively$9(NodeTestTask.java:139)
	at org.junit.platform.engine.support.hierarchical.ThrowableCollector.execute(ThrowableCollector.java:73)
	at org.junit.platform.engine.support.hierarchical.NodeTestTask.executeRecursively(NodeTestTask.java:138)
	at org.junit.platform.engine.support.hierarchical.NodeTestTask.execute(NodeTestTask.java:95)
	at java.base/java.util.ArrayList.forEach(ArrayList.java:1511)
	at org.junit.platform.engine.support.hierarchical.SameThreadHierarchicalTestExecutorService.invokeAll(SameThreadHierarchicalTestExecutorService.java:41)
	at org.junit.platform.engine.support.hierarchical.NodeTestTask.lambda$executeRecursively$6(NodeTestTask.java:155)
	at org.junit.platform.engine.support.hierarchical.ThrowableCollector.execute(ThrowableCollector.java:73)
	at org.junit.platform.engine.support.hierarchical.NodeTestTask.lambda$executeRecursively$8(NodeTestTask.java:141)
	at org.junit.platform.engine.support.hierarchical.Node.around(Node.java:137)
	at org.junit.platform.engine.support.hierarchical.NodeTestTask.lambda$executeRecursively$9(NodeTestTask.java:139)
	at org.junit.platform.engine.support.hierarchical.ThrowableCollector.execute(ThrowableCollector.java:73)
	at org.junit.platform.engine.support.hierarchical.NodeTestTask.executeRecursively(NodeTestTask.java:138)
	at org.junit.platform.engine.support.hierarchical.NodeTestTask.execute(NodeTestTask.java:95)
	at org.junit.platform.engine.support.hierarchical.SameThreadHierarchicalTestExecutorService.submit(SameThreadHierarchicalTestExecutorService.java:35)
	at org.junit.platform.engine.support.hierarchical.HierarchicalTestExecutor.execute(HierarchicalTestExecutor.java:57)
	at org.junit.platform.engine.support.hierarchical.HierarchicalTestEngine.execute(HierarchicalTestEngine.java:54)
	at org.junit.platform.launcher.core.EngineExecutionOrchestrator.execute(EngineExecutionOrchestrator.java:147)
	at org.junit.platform.launcher.core.EngineExecutionOrchestrator.execute(EngineExecutionOrchestrator.java:127)
	at org.junit.platform.launcher.core.EngineExecutionOrchestrator.execute(EngineExecutionOrchestrator.java:90)
	at org.junit.platform.launcher.core.EngineExecutionOrchestrator.lambda$execute$0(EngineExecutionOrchestrator.java:55)
	at org.junit.platform.launcher.core.EngineExecutionOrchestrator.withInterceptedStreams(EngineExecutionOrchestrator.java:102)
	at org.junit.platform.launcher.core.EngineExecutionOrchestrator.execute(EngineExecutionOrchestrator.java:54)
	at org.junit.platform.launcher.core.DefaultLauncher.execute(DefaultLauncher.java:114)
	at org.junit.platform.launcher.core.DefaultLauncher.execute(DefaultLauncher.java:86)
	at org.junit.platform.launcher.core.DefaultLauncherSession$DelegatingLauncher.execute(DefaultLauncherSession.java:86)
	at org.apache.maven.surefire.junitplatform.LazyLauncher.execute(LazyLauncher.java:50)
	at org.apache.maven.surefire.junitplatform.JUnitPlatformProvider.execute(JUnitPlatformProvider.java:184)
	at org.apache.maven.surefire.junitplatform.JUnitPlatformProvider.invokeAllTests(JUnitPlatformProvider.java:148)
	at org.apache.maven.surefire.junitplatform.JUnitPlatformProvider.invoke(JUnitPlatformProvider.java:122)
	at org.apache.maven.surefire.booter.ForkedBooter.runSuitesInProcess(ForkedBooter.java:385)
	at org.apache.maven.surefire.booter.ForkedBooter.execute(ForkedBooter.java:162)
	at org.apache.maven.surefire.booter.ForkedBooter.run(ForkedBooter.java:507)
	at org.apache.maven.surefire.booter.ForkedBooter.main(ForkedBooter.java:495)
Caused by: org.hibernate.exception.ConstraintViolationException: could not execute statement [Duplicate entry 'sssss@outlook.com' for key 'tbl_users.emailId_unique'] [insert into tbl_users (address,email_address,first_name,last_name,id) values (?,?,?,?,?)]
	at org.hibernate.exception.internal.SQLExceptionTypeDelegate.convert(SQLExceptionTypeDelegate.java:60)
	at org.hibernate.exception.internal.StandardSQLExceptionConverter.convert(StandardSQLExceptionConverter.java:56)
	at org.hibernate.engine.jdbc.spi.SqlExceptionHelper.convert(SqlExceptionHelper.java:108)
	at org.hibernate.engine.jdbc.internal.ResultSetReturnImpl.executeUpdate(ResultSetReturnImpl.java:278)
	at org.hibernate.engine.jdbc.mutation.internal.AbstractMutationExecutor.performNonBatchedMutation(AbstractMutationExecutor.java:108)
	at org.hibernate.engine.jdbc.mutation.internal.MutationExecutorSingleNonBatched.performNonBatchedOperations(MutationExecutorSingleNonBatched.java:40)
	at org.hibernate.engine.jdbc.mutation.internal.AbstractMutationExecutor.execute(AbstractMutationExecutor.java:53)
	at org.hibernate.persister.entity.mutation.InsertCoordinator.doStaticInserts(InsertCoordinator.java:169)
	at org.hibernate.persister.entity.mutation.InsertCoordinator.coordinateInsert(InsertCoordinator.java:111)
	at org.hibernate.persister.entity.AbstractEntityPersister.insert(AbstractEntityPersister.java:2762)
	at org.hibernate.action.internal.EntityInsertAction.execute(EntityInsertAction.java:102)
	at org.hibernate.engine.spi.ActionQueue.executeActions(ActionQueue.java:633)
	at org.hibernate.engine.spi.ActionQueue.executeActions(ActionQueue.java:502)
	at org.hibernate.event.internal.AbstractFlushingEventListener.performExecutions(AbstractFlushingEventListener.java:358)
	at org.hibernate.event.internal.DefaultFlushEventListener.onFlush(DefaultFlushEventListener.java:39)
	at org.hibernate.event.service.internal.EventListenerGroupImpl.fireEventOnEachListener(EventListenerGroupImpl.java:127)
	at org.hibernate.internal.SessionImpl.doFlush(SessionImpl.java:1412)
	at org.hibernate.internal.SessionImpl.managedFlush(SessionImpl.java:485)
	at org.hibernate.internal.SessionImpl.flushBeforeTransactionCompletion(SessionImpl.java:2301)
	at org.hibernate.internal.SessionImpl.beforeTransactionCompletion(SessionImpl.java:1966)
	at org.hibernate.engine.jdbc.internal.JdbcCoordinatorImpl.beforeTransactionCompletion(JdbcCoordinatorImpl.java:439)
	at org.hibernate.resource.transaction.backend.jdbc.internal.JdbcResourceLocalTransactionCoordinatorImpl.beforeCompletionCallback(JdbcResourceLocalTransactionCoordinatorImpl.java:169)
	at org.hibernate.resource.transaction.backend.jdbc.internal.JdbcResourceLocalTransactionCoordinatorImpl$TransactionDriverControlImpl.commit(JdbcResourceLocalTransactionCoordinatorImpl.java:267)
	at org.hibernate.engine.transaction.internal.TransactionImpl.commit(TransactionImpl.java:101)
	at org.springframework.orm.jpa.JpaTransactionManager.doCommit(JpaTransactionManager.java:561)
	... 84 more
Caused by: java.sql.SQLIntegrityConstraintViolationException: Duplicate entry 'sssss@outlook.com' for key 'tbl_users.emailId_unique'
	at com.mysql.cj.jdbc.exceptions.SQLError.createSQLException(SQLError.java:118)
	at com.mysql.cj.jdbc.exceptions.SQLExceptionsMapping.translateException(SQLExceptionsMapping.java:122)
	at com.mysql.cj.jdbc.ClientPreparedStatement.executeInternal(ClientPreparedStatement.java:916)
	at com.mysql.cj.jdbc.ClientPreparedStatement.executeUpdateInternal(ClientPreparedStatement.java:1061)
	at com.mysql.cj.jdbc.ClientPreparedStatement.executeUpdateInternal(ClientPreparedStatement.java:1009)
	at com.mysql.cj.jdbc.ClientPreparedStatement.executeLargeUpdate(ClientPreparedStatement.java:1320)
	at com.mysql.cj.jdbc.ClientPreparedStatement.executeUpdate(ClientPreparedStatement.java:994)
	at com.zaxxer.hikari.pool.ProxyPreparedStatement.executeUpdate(ProxyPreparedStatement.java:61)
	at com.zaxxer.hikari.pool.HikariProxyPreparedStatement.executeUpdate(HikariProxyPreparedStatement.java)
	at org.hibernate.engine.jdbc.internal.ResultSetReturnImpl.executeUpdate(ResultSetReturnImpl.java:275)
	... 105 more

com.cinarcorp.productSupply.repository.UserRepositoryTest.getUserById  Time elapsed: 0.074 s  <<< ERROR!
java.lang.StackOverflowError
	at com.cinarcorp.productSupply.model.Order.getUser(Order.java:28)
	at com.cinarcorp.productSupply.model.Order.toString(Order.java:15)
	at java.base/java.lang.String.valueOf(String.java:4230)
	at java.base/java.lang.StringBuilder.append(StringBuilder.java:173)
	at java.base/java.util.AbstractCollection.toString(AbstractCollection.java:459)
	at org.hibernate.collection.spi.PersistentBag.toString(PersistentBag.java:590)
	at java.base/java.lang.String.valueOf(String.java:4230)
	at com.cinarcorp.productSupply.model.User.toString(User.java:13)
	at java.base/java.lang.String.valueOf(String.java:4230)
	at com.cinarcorp.productSupply.model.Order.toString(Order.java:15)
	at java.base/java.lang.String.valueOf(String.java:4230)
	at java.base/java.lang.StringBuilder.append(StringBuilder.java:173)
	at java.base/java.util.AbstractCollection.toString(AbstractCollection.java:459)
	at org.hibernate.collection.spi.PersistentBag.toString(PersistentBag.java:590)
	at java.base/java.lang.String.valueOf(String.java:4230)
	at com.cinarcorp.productSupply.model.User.toString(User.java:13)
	at java.base/java.lang.String.valueOf(String.java:4230)
	at com.cinarcorp.productSupply.model.Order.toString(Order.java:15)
	at java.base/java.lang.String.valueOf(String.java:4230)
	at java.base/java.lang.StringBuilder.append(StringBuilder.java:173)
	at java.base/java.util.AbstractCollection.toString(AbstractCollection.java:459)
	at org.hibernate.collection.spi.PersistentBag.toString(PersistentBag.java:590)
	at java.base/java.lang.String.valueOf(String.java:4230)
	at com.cinarcorp.productSupply.model.User.toString(User.java:13)
	at java.base/java.lang.String.valueOf(String.java:4230)
	at com.cinarcorp.productSupply.model.Order.toString(Order.java:15)
	at java.base/java.lang.String.valueOf(String.java:4230)
	at java.base/java.lang.StringBuilder.append(StringBuilder.java:173)
	at java.base/java.util.AbstractCollection.toString(AbstractCollection.java:459)
	at org.hibernate.collection.spi.PersistentBag.toString(PersistentBag.java:590)
	at java.base/java.lang.String.valueOf(String.java:4230)
	at com.cinarcorp.productSupply.model.User.toString(User.java:13)
	at java.base/java.lang.String.valueOf(String.java:4230)
	at com.cinarcorp.productSupply.model.Order.toString(Order.java:15)
	at java.base/java.lang.String.valueOf(String.java:4230)
	at java.base/java.lang.StringBuilder.append(StringBuilder.java:173)
	at java.base/java.util.AbstractCollection.toString(AbstractCollection.java:459)
	at org.hibernate.collection.spi.PersistentBag.toString(PersistentBag.java:590)
	at java.base/java.lang.String.valueOf(String.java:4230)
	at com.cinarcorp.productSupply.model.User.toString(User.java:13)
	at java.base/java.lang.String.valueOf(String.java:4230)
	at com.cinarcorp.productSupply.model.Order.toString(Order.java:15)
	at java.base/java.lang.String.valueOf(String.java:4230)
	at java.base/java.lang.StringBuilder.append(StringBuilder.java:173)
	at java.base/java.util.AbstractCollection.toString(AbstractCollection.java:459)
	at org.hibernate.collection.spi.PersistentBag.toString(PersistentBag.java:590)
	at java.base/java.lang.String.valueOf(String.java:4230)
	at com.cinarcorp.productSupply.model.User.toString(User.java:13)
	at java.base/java.lang.String.valueOf(String.java:4230)
	at com.cinarcorp.productSupply.model.Order.toString(Order.java:15)
	at java.base/java.lang.String.valueOf(String.java:4230)
	at java.base/java.lang.StringBuilder.append(StringBuilder.java:173)
	at java.base/java.util.AbstractCollection.toString(AbstractCollection.java:459)
	at org.hibernate.collection.spi.PersistentBag.toString(PersistentBag.java:590)
	at java.base/java.lang.String.valueOf(String.java:4230)
	at com.cinarcorp.productSupply.model.User.toString(User.java:13)
	at java.base/java.lang.String.valueOf(String.java:4230)
	at com.cinarcorp.productSupply.model.Order.toString(Order.java:15)
	at java.base/java.lang.String.valueOf(String.java:4230)
	at java.base/java.lang.StringBuilder.append(StringBuilder.java:173)
	at java.base/java.util.AbstractCollection.toString(AbstractCollection.java:459)
	at org.hibernate.collection.spi.PersistentBag.toString(PersistentBag.java:590)
	at java.base/java.lang.String.valueOf(String.java:4230)
	at com.cinarcorp.productSupply.model.User.toString(User.java:13)
	at java.base/java.lang.String.valueOf(String.java:4230)
	at com.cinarcorp.productSupply.model.Order.toString(Order.java:15)
	at java.base/java.lang.String.valueOf(String.java:4230)
	at java.base/java.lang.StringBuilder.append(StringBuilder.java:173)
	at java.base/java.util.AbstractCollection.toString(AbstractCollection.java:459)
	at org.hibernate.collection.spi.PersistentBag.toString(PersistentBag.java:590)
	at java.base/java.lang.String.valueOf(String.java:4230)
	at com.cinarcorp.productSupply.model.User.toString(User.java:13)
	at java.base/java.lang.String.valueOf(String.java:4230)
	at com.cinarcorp.productSupply.model.Order.toString(Order.java:15)
	at java.base/java.lang.String.valueOf(String.java:4230)
	at java.base/java.lang.StringBuilder.append(StringBuilder.java:173)
	at java.base/java.util.AbstractCollection.toString(AbstractCollection.java:459)
	at org.hibernate.collection.spi.PersistentBag.toString(PersistentBag.java:590)
	at java.base/java.lang.String.valueOf(String.java:4230)
	at com.cinarcorp.productSupply.model.User.toString(User.java:13)
	at java.base/java.lang.String.valueOf(String.java:4230)
	at com.cinarcorp.productSupply.model.Order.toString(Order.java:15)
	at java.base/java.lang.String.valueOf(String.java:4230)
	at java.base/java.lang.StringBuilder.append(StringBuilder.java:173)
	at java.base/java.util.AbstractCollection.toString(AbstractCollection.java:459)
	at org.hibernate.collection.spi.PersistentBag.toString(PersistentBag.java:590)
	at java.base/java.lang.String.valueOf(String.java:4230)
	at com.cinarcorp.productSupply.model.User.toString(User.java:13)
	at java.base/java.lang.String.valueOf(String.java:4230)
	at com.cinarcorp.productSupply.model.Order.toString(Order.java:15)
	at java.base/java.lang.String.valueOf(String.java:4230)
	at java.base/java.lang.StringBuilder.append(StringBuilder.java:173)
	at java.base/java.util.AbstractCollection.toString(AbstractCollection.java:459)
	at org.hibernate.collection.spi.PersistentBag.toString(PersistentBag.java:590)
	at java.base/java.lang.String.valueOf(String.java:4230)
	at com.cinarcorp.productSupply.model.User.toString(User.java:13)
	at java.base/java.lang.String.valueOf(String.java:4230)
	at com.cinarcorp.productSupply.model.Order.toString(Order.java:15)
	at java.base/java.lang.String.valueOf(String.java:4230)
	at java.base/java.lang.StringBuilder.append(StringBuilder.java:173)
	at java.base/java.util.AbstractCollection.toString(AbstractCollection.java:459)
	at org.hibernate.collection.spi.PersistentBag.toString(PersistentBag.java:590)
	at java.base/java.lang.String.valueOf(String.java:4230)
	at com.cinarcorp.productSupply.model.User.toString(User.java:13)
	at java.base/java.lang.String.valueOf(String.java:4230)
	at com.cinarcorp.productSupply.model.Order.toString(Order.java:15)
	at java.base/java.lang.String.valueOf(String.java:4230)
	at java.base/java.lang.StringBuilder.append(StringBuilder.java:173)
	at java.base/java.util.AbstractCollection.toString(AbstractCollection.java:459)
	at org.hibernate.collection.spi.PersistentBag.toString(PersistentBag.java:590)
	at java.base/java.lang.String.valueOf(String.java:4230)
	at com.cinarcorp.productSupply.model.User.toString(User.java:13)
	at java.base/java.lang.String.valueOf(String.java:4230)
	at com.cinarcorp.productSupply.model.Order.toString(Order.java:15)
	at java.base/java.lang.String.valueOf(String.java:4230)
	at java.base/java.lang.StringBuilder.append(StringBuilder.java:173)
	at java.base/java.util.AbstractCollection.toString(AbstractCollection.java:459)
	at org.hibernate.collection.spi.PersistentBag.toString(PersistentBag.java:590)
	at java.base/java.lang.String.valueOf(String.java:4230)
	at com.cinarcorp.productSupply.model.User.toString(User.java:13)
	at java.base/java.lang.String.valueOf(String.java:4230)
	at com.cinarcorp.productSupply.model.Order.toString(Order.java:15)
	at java.base/java.lang.String.valueOf(String.java:4230)
	at java.base/java.lang.StringBuilder.append(StringBuilder.java:173)
	at java.base/java.util.AbstractCollection.toString(AbstractCollection.java:459)
	at org.hibernate.collection.spi.PersistentBag.toString(PersistentBag.java:590)
	at java.base/java.lang.String.valueOf(String.java:4230)
	at com.cinarcorp.productSupply.model.User.toString(User.java:13)
	at java.base/java.lang.String.valueOf(String.java:4230)
	at com.cinarcorp.productSupply.model.Order.toString(Order.java:15)
	at java.base/java.lang.String.valueOf(String.java:4230)
	at java.base/java.lang.StringBuilder.append(StringBuilder.java:173)
	at java.base/java.util.AbstractCollection.toString(AbstractCollection.java:459)
	at org.hibernate.collection.spi.PersistentBag.toString(PersistentBag.java:590)
	at java.base/java.lang.String.valueOf(String.java:4230)
	at com.cinarcorp.productSupply.model.User.toString(User.java:13)
	at java.base/java.lang.String.valueOf(String.java:4230)
	at com.cinarcorp.productSupply.model.Order.toString(Order.java:15)
	at java.base/java.lang.String.valueOf(String.java:4230)
	at java.base/java.lang.StringBuilder.append(StringBuilder.java:173)
	at java.base/java.util.AbstractCollection.toString(AbstractCollection.java:459)
	at org.hibernate.collection.spi.PersistentBag.toString(PersistentBag.java:590)
	at java.base/java.lang.String.valueOf(String.java:4230)
	at com.cinarcorp.productSupply.model.User.toString(User.java:13)
	at java.base/java.lang.String.valueOf(String.java:4230)
	at com.cinarcorp.productSupply.model.Order.toString(Order.java:15)
	at java.base/java.lang.String.valueOf(String.java:4230)
	at java.base/java.lang.StringBuilder.append(StringBuilder.java:173)
	at java.base/java.util.AbstractCollection.toString(AbstractCollection.java:459)
	at org.hibernate.collection.spi.PersistentBag.toString(PersistentBag.java:590)
	at java.base/java.lang.String.valueOf(String.java:4230)
	at com.cinarcorp.productSupply.model.User.toString(User.java:13)
	at java.base/java.lang.String.valueOf(String.java:4230)
	at com.cinarcorp.productSupply.model.Order.toString(Order.java:15)
	at java.base/java.lang.String.valueOf(String.java:4230)
	at java.base/java.lang.StringBuilder.append(StringBuilder.java:173)
	at java.base/java.util.AbstractCollection.toString(AbstractCollection.java:459)
	at org.hibernate.collection.spi.PersistentBag.toString(PersistentBag.java:590)
	at java.base/java.lang.String.valueOf(String.java:4230)
	at com.cinarcorp.productSupply.model.User.toString(User.java:13)
	at java.base/java.lang.String.valueOf(String.java:4230)
	at com.cinarcorp.productSupply.model.Order.toString(Order.java:15)
	at java.base/java.lang.String.valueOf(String.java:4230)
	at java.base/java.lang.StringBuilder.append(StringBuilder.java:173)
	at java.base/java.util.AbstractCollection.toString(AbstractCollection.java:459)
	at org.hibernate.collection.spi.PersistentBag.toString(PersistentBag.java:590)
	at java.base/java.lang.String.valueOf(String.java:4230)
	at com.cinarcorp.productSupply.model.User.toString(User.java:13)
	at java.base/java.lang.String.valueOf(String.java:4230)
	at com.cinarcorp.productSupply.model.Order.toString(Order.java:15)
	at java.base/java.lang.String.valueOf(String.java:4230)
	at java.base/java.lang.StringBuilder.append(StringBuilder.java:173)
	at java.base/java.util.AbstractCollection.toString(AbstractCollection.java:459)
	at org.hibernate.collection.spi.PersistentBag.toString(PersistentBag.java:590)
	at java.base/java.lang.String.valueOf(String.java:4230)
	at com.cinarcorp.productSupply.model.User.toString(User.java:13)
	at java.base/java.lang.String.valueOf(String.java:4230)
	at com.cinarcorp.productSupply.model.Order.toString(Order.java:15)
	at java.base/java.lang.String.valueOf(String.java:4230)
	at java.base/java.lang.StringBuilder.append(StringBuilder.java:173)
	at java.base/java.util.AbstractCollection.toString(AbstractCollection.java:459)
	at org.hibernate.collection.spi.PersistentBag.toString(PersistentBag.java:590)
	at java.base/java.lang.String.valueOf(String.java:4230)
	at com.cinarcorp.productSupply.model.User.toString(User.java:13)
	at java.base/java.lang.String.valueOf(String.java:4230)
	at com.cinarcorp.productSupply.model.Order.toString(Order.java:15)
	at java.base/java.lang.String.valueOf(String.java:4230)
	at java.base/java.lang.StringBuilder.append(StringBuilder.java:173)
	at java.base/java.util.AbstractCollection.toString(AbstractCollection.java:459)
	at org.hibernate.collection.spi.PersistentBag.toString(PersistentBag.java:590)
	at java.base/java.lang.String.valueOf(String.java:4230)
	at com.cinarcorp.productSupply.model.User.toString(User.java:13)
	at java.base/java.lang.String.valueOf(String.java:4230)
	at com.cinarcorp.productSupply.model.Order.toString(Order.java:15)
	at java.base/java.lang.String.valueOf(String.java:4230)
	at java.base/java.lang.StringBuilder.append(StringBuilder.java:173)
	at java.base/java.util.AbstractCollection.toString(AbstractCollection.java:459)
	at org.hibernate.collection.spi.PersistentBag.toString(PersistentBag.java:590)
	at java.base/java.lang.String.valueOf(String.java:4230)
	at com.cinarcorp.productSupply.model.User.toString(User.java:13)
	at java.base/java.lang.String.valueOf(String.java:4230)
	at com.cinarcorp.productSupply.model.Order.toString(Order.java:15)
	at java.base/java.lang.String.valueOf(String.java:4230)
	at java.base/java.lang.StringBuilder.append(StringBuilder.java:173)
	at java.base/java.util.AbstractCollection.toString(AbstractCollection.java:459)
	at org.hibernate.collection.spi.PersistentBag.toString(PersistentBag.java:590)
	at java.base/java.lang.String.valueOf(String.java:4230)
	at com.cinarcorp.productSupply.model.User.toString(User.java:13)
	at java.base/java.lang.String.valueOf(String.java:4230)
	at com.cinarcorp.productSupply.model.Order.toString(Order.java:15)
	at java.base/java.lang.String.valueOf(String.java:4230)
	at java.base/java.lang.StringBuilder.append(StringBuilder.java:173)
	at java.base/java.util.AbstractCollection.toString(AbstractCollection.java:459)
	at org.hibernate.collection.spi.PersistentBag.toString(PersistentBag.java:590)
	at java.base/java.lang.String.valueOf(String.java:4230)
	at com.cinarcorp.productSupply.model.User.toString(User.java:13)
	at java.base/java.lang.String.valueOf(String.java:4230)
	at com.cinarcorp.productSupply.model.Order.toString(Order.java:15)
	at java.base/java.lang.String.valueOf(String.java:4230)
	at java.base/java.lang.StringBuilder.append(StringBuilder.java:173)
	at java.base/java.util.AbstractCollection.toString(AbstractCollection.java:459)
	at org.hibernate.collection.spi.PersistentBag.toString(PersistentBag.java:590)
	at java.base/java.lang.String.valueOf(String.java:4230)
	at com.cinarcorp.productSupply.model.User.toString(User.java:13)
	at java.base/java.lang.String.valueOf(String.java:4230)
	at com.cinarcorp.productSupply.model.Order.toString(Order.java:15)
	at java.base/java.lang.String.valueOf(String.java:4230)
	at java.base/java.lang.StringBuilder.append(StringBuilder.java:173)
	at java.base/java.util.AbstractCollection.toString(AbstractCollection.java:459)
	at org.hibernate.collection.spi.PersistentBag.toString(PersistentBag.java:590)
	at java.base/java.lang.String.valueOf(String.java:4230)
	at com.cinarcorp.productSupply.model.User.toString(User.java:13)
	at java.base/java.lang.String.valueOf(String.java:4230)
	at com.cinarcorp.productSupply.model.Order.toString(Order.java:15)
	at java.base/java.lang.String.valueOf(String.java:4230)
	at java.base/java.lang.StringBuilder.append(StringBuilder.java:173)
	at java.base/java.util.AbstractCollection.toString(AbstractCollection.java:459)
	at org.hibernate.collection.spi.PersistentBag.toString(PersistentBag.java:590)
	at java.base/java.lang.String.valueOf(String.java:4230)
	at com.cinarcorp.productSupply.model.User.toString(User.java:13)
	at java.base/java.lang.String.valueOf(String.java:4230)
	at com.cinarcorp.productSupply.model.Order.toString(Order.java:15)
	at java.base/java.lang.String.valueOf(String.java:4230)
	at java.base/java.lang.StringBuilder.append(StringBuilder.java:173)
	at java.base/java.util.AbstractCollection.toString(AbstractCollection.java:459)
	at org.hibernate.collection.spi.PersistentBag.toString(PersistentBag.java:590)
	at java.base/java.lang.String.valueOf(String.java:4230)
	at com.cinarcorp.productSupply.model.User.toString(User.java:13)
	at java.base/java.lang.String.valueOf(String.java:4230)
	at com.cinarcorp.productSupply.model.Order.toString(Order.java:15)
	at java.base/java.lang.String.valueOf(String.java:4230)
	at java.base/java.lang.StringBuilder.append(StringBuilder.java:173)
	at java.base/java.util.AbstractCollection.toString(AbstractCollection.java:459)
	at org.hibernate.collection.spi.PersistentBag.toString(PersistentBag.java:590)
	at java.base/java.lang.String.valueOf(String.java:4230)
	at com.cinarcorp.productSupply.model.User.toString(User.java:13)
	at java.base/java.lang.String.valueOf(String.java:4230)
	at com.cinarcorp.productSupply.model.Order.toString(Order.java:15)
	at java.base/java.lang.String.valueOf(String.java:4230)
	at java.base/java.lang.StringBuilder.append(StringBuilder.java:173)
	at java.base/java.util.AbstractCollection.toString(AbstractCollection.java:459)
	at org.hibernate.collection.spi.PersistentBag.toString(PersistentBag.java:590)
	at java.base/java.lang.String.valueOf(String.java:4230)
	at com.cinarcorp.productSupply.model.User.toString(User.java:13)
	at java.base/java.lang.String.valueOf(String.java:4230)
	at com.cinarcorp.productSupply.model.Order.toString(Order.java:15)
	at java.base/java.lang.String.valueOf(String.java:4230)
	at java.base/java.lang.StringBuilder.append(StringBuilder.java:173)
	at java.base/java.util.AbstractCollection.toString(AbstractCollection.java:459)
	at org.hibernate.collection.spi.PersistentBag.toString(PersistentBag.java:590)
	at java.base/java.lang.String.valueOf(String.java:4230)
	at com.cinarcorp.productSupply.model.User.toString(User.java:13)
	at java.base/java.lang.String.valueOf(String.java:4230)
	at com.cinarcorp.productSupply.model.Order.toString(Order.java:15)
	at java.base/java.lang.String.valueOf(String.java:4230)
	at java.base/java.lang.StringBuilder.append(StringBuilder.java:173)
	at java.base/java.util.AbstractCollection.toString(AbstractCollection.java:459)
	at org.hibernate.collection.spi.PersistentBag.toString(PersistentBag.java:590)
	at java.base/java.lang.String.valueOf(String.java:4230)
	at com.cinarcorp.productSupply.model.User.toString(User.java:13)
	at java.base/java.lang.String.valueOf(String.java:4230)
	at com.cinarcorp.productSupply.model.Order.toString(Order.java:15)
	at java.base/java.lang.String.valueOf(String.java:4230)
	at java.base/java.lang.StringBuilder.append(StringBuilder.java:173)
	at java.base/java.util.AbstractCollection.toString(AbstractCollection.java:459)
	at org.hibernate.collection.spi.PersistentBag.toString(PersistentBag.java:590)
	at java.base/java.lang.String.valueOf(String.java:4230)
	at com.cinarcorp.productSupply.model.User.toString(User.java:13)
	at java.base/java.lang.String.valueOf(String.java:4230)
	at com.cinarcorp.productSupply.model.Order.toString(Order.java:15)
	at java.base/java.lang.String.valueOf(String.java:4230)
	at java.base/java.lang.StringBuilder.append(StringBuilder.java:173)
	at java.base/java.util.AbstractCollection.toString(AbstractCollection.java:459)
	at org.hibernate.collection.spi.PersistentBag.toString(PersistentBag.java:590)
	at java.base/java.lang.String.valueOf(String.java:4230)
	at com.cinarcorp.productSupply.model.User.toString(User.java:13)
	at java.base/java.lang.String.valueOf(String.java:4230)
	at com.cinarcorp.productSupply.model.Order.toString(Order.java:15)
	at java.base/java.lang.String.valueOf(String.java:4230)
	at java.base/java.lang.StringBuilder.append(StringBuilder.java:173)
	at java.base/java.util.AbstractCollection.toString(AbstractCollection.java:459)
	at org.hibernate.collection.spi.PersistentBag.toString(PersistentBag.java:590)
	at java.base/java.lang.String.valueOf(String.java:4230)
	at com.cinarcorp.productSupply.model.User.toString(User.java:13)
	at java.base/java.lang.String.valueOf(String.java:4230)
	at com.cinarcorp.productSupply.model.Order.toString(Order.java:15)
	at java.base/java.lang.String.valueOf(String.java:4230)
	at java.base/java.lang.StringBuilder.append(StringBuilder.java:173)
	at java.base/java.util.AbstractCollection.toString(AbstractCollection.java:459)
	at org.hibernate.collection.spi.PersistentBag.toString(PersistentBag.java:590)
	at java.base/java.lang.String.valueOf(String.java:4230)
	at com.cinarcorp.productSupply.model.User.toString(User.java:13)
	at java.base/java.lang.String.valueOf(String.java:4230)
	at com.cinarcorp.productSupply.model.Order.toString(Order.java:15)
	at java.base/java.lang.String.valueOf(String.java:4230)
	at java.base/java.lang.StringBuilder.append(StringBuilder.java:173)
	at java.base/java.util.AbstractCollection.toString(AbstractCollection.java:459)
	at org.hibernate.collection.spi.PersistentBag.toString(PersistentBag.java:590)
	at java.base/java.lang.String.valueOf(String.java:4230)
	at com.cinarcorp.productSupply.model.User.toString(User.java:13)
	at java.base/java.lang.String.valueOf(String.java:4230)
	at com.cinarcorp.productSupply.model.Order.toString(Order.java:15)
	at java.base/java.lang.String.valueOf(String.java:4230)
	at java.base/java.lang.StringBuilder.append(StringBuilder.java:173)
	at java.base/java.util.AbstractCollection.toString(AbstractCollection.java:459)
	at org.hibernate.collection.spi.PersistentBag.toString(PersistentBag.java:590)
	at java.base/java.lang.String.valueOf(String.java:4230)
	at com.cinarcorp.productSupply.model.User.toString(User.java:13)
	at java.base/java.lang.String.valueOf(String.java:4230)
	at com.cinarcorp.productSupply.model.Order.toString(Order.java:15)
	at java.base/java.lang.String.valueOf(String.java:4230)
	at java.base/java.lang.StringBuilder.append(StringBuilder.java:173)
	at java.base/java.util.AbstractCollection.toString(AbstractCollection.java:459)
	at org.hibernate.collection.spi.PersistentBag.toString(PersistentBag.java:590)
	at java.base/java.lang.String.valueOf(String.java:4230)
	at com.cinarcorp.productSupply.model.User.toString(User.java:13)
	at java.base/java.lang.String.valueOf(String.java:4230)
	at com.cinarcorp.productSupply.model.Order.toString(Order.java:15)
	at java.base/java.lang.String.valueOf(String.java:4230)
	at java.base/java.lang.StringBuilder.append(StringBuilder.java:173)
	at java.base/java.util.AbstractCollection.toString(AbstractCollection.java:459)
	at org.hibernate.collection.spi.PersistentBag.toString(PersistentBag.java:590)
	at java.base/java.lang.String.valueOf(String.java:4230)
	at com.cinarcorp.productSupply.model.User.toString(User.java:13)
	at java.base/java.lang.String.valueOf(String.java:4230)
	at com.cinarcorp.productSupply.model.Order.toString(Order.java:15)
	at java.base/java.lang.String.valueOf(String.java:4230)
	at java.base/java.lang.StringBuilder.append(StringBuilder.java:173)
	at java.base/java.util.AbstractCollection.toString(AbstractCollection.java:459)
	at org.hibernate.collection.spi.PersistentBag.toString(PersistentBag.java:590)
	at java.base/java.lang.String.valueOf(String.java:4230)
	at com.cinarcorp.productSupply.model.User.toString(User.java:13)
	at java.base/java.lang.String.valueOf(String.java:4230)
	at com.cinarcorp.productSupply.model.Order.toString(Order.java:15)
	at java.base/java.lang.String.valueOf(String.java:4230)
	at java.base/java.lang.StringBuilder.append(StringBuilder.java:173)
	at java.base/java.util.AbstractCollection.toString(AbstractCollection.java:459)
	at org.hibernate.collection.spi.PersistentBag.toString(PersistentBag.java:590)
	at java.base/java.lang.String.valueOf(String.java:4230)
	at com.cinarcorp.productSupply.model.User.toString(User.java:13)
	at java.base/java.lang.String.valueOf(String.java:4230)
	at com.cinarcorp.productSupply.model.Order.toString(Order.java:15)
	at java.base/java.lang.String.valueOf(String.java:4230)
	at java.base/java.lang.StringBuilder.append(StringBuilder.java:173)
	at java.base/java.util.AbstractCollection.toString(AbstractCollection.java:459)
	at org.hibernate.collection.spi.PersistentBag.toString(PersistentBag.java:590)
	at java.base/java.lang.String.valueOf(String.java:4230)
	at com.cinarcorp.productSupply.model.User.toString(User.java:13)
	at java.base/java.lang.String.valueOf(String.java:4230)
	at com.cinarcorp.productSupply.model.Order.toString(Order.java:15)
	at java.base/java.lang.String.valueOf(String.java:4230)
	at java.base/java.lang.StringBuilder.append(StringBuilder.java:173)
	at java.base/java.util.AbstractCollection.toString(AbstractCollection.java:459)
	at org.hibernate.collection.spi.PersistentBag.toString(PersistentBag.java:590)
	at java.base/java.lang.String.valueOf(String.java:4230)
	at com.cinarcorp.productSupply.model.User.toString(User.java:13)
	at java.base/java.lang.String.valueOf(String.java:4230)
	at com.cinarcorp.productSupply.model.Order.toString(Order.java:15)
	at java.base/java.lang.String.valueOf(String.java:4230)
	at java.base/java.lang.StringBuilder.append(StringBuilder.java:173)
	at java.base/java.util.AbstractCollection.toString(AbstractCollection.java:459)
	at org.hibernate.collection.spi.PersistentBag.toString(PersistentBag.java:590)
	at java.base/java.lang.String.valueOf(String.java:4230)
	at com.cinarcorp.productSupply.model.User.toString(User.java:13)
	at java.base/java.lang.String.valueOf(String.java:4230)
	at com.cinarcorp.productSupply.model.Order.toString(Order.java:15)
	at java.base/java.lang.String.valueOf(String.java:4230)
	at java.base/java.lang.StringBuilder.append(StringBuilder.java:173)
	at java.base/java.util.AbstractCollection.toString(AbstractCollection.java:459)
	at org.hibernate.collection.spi.PersistentBag.toString(PersistentBag.java:590)
	at java.base/java.lang.String.valueOf(String.java:4230)
	at com.cinarcorp.productSupply.model.User.toString(User.java:13)
	at java.base/java.lang.String.valueOf(String.java:4230)
	at com.cinarcorp.productSupply.model.Order.toString(Order.java:15)
	at java.base/java.lang.String.valueOf(String.java:4230)
	at java.base/java.lang.StringBuilder.append(StringBuilder.java:173)
	at java.base/java.util.AbstractCollection.toString(AbstractCollection.java:459)
	at org.hibernate.collection.spi.PersistentBag.toString(PersistentBag.java:590)
	at java.base/java.lang.String.valueOf(String.java:4230)
	at com.cinarcorp.productSupply.model.User.toString(User.java:13)
	at java.base/java.lang.String.valueOf(String.java:4230)
	at com.cinarcorp.productSupply.model.Order.toString(Order.java:15)
	at java.base/java.lang.String.valueOf(String.java:4230)
	at java.base/java.lang.StringBuilder.append(StringBuilder.java:173)
	at java.base/java.util.AbstractCollection.toString(AbstractCollection.java:459)
	at org.hibernate.collection.spi.PersistentBag.toString(PersistentBag.java:590)
	at java.base/java.lang.String.valueOf(String.java:4230)
	at com.cinarcorp.productSupply.model.User.toString(User.java:13)
	at java.base/java.lang.String.valueOf(String.java:4230)
	at com.cinarcorp.productSupply.model.Order.toString(Order.java:15)
	at java.base/java.lang.String.valueOf(String.java:4230)
	at java.base/java.lang.StringBuilder.append(StringBuilder.java:173)
	at java.base/java.util.AbstractCollection.toString(AbstractCollection.java:459)
	at org.hibernate.collection.spi.PersistentBag.toString(PersistentBag.java:590)
	at java.base/java.lang.String.valueOf(String.java:4230)
	at com.cinarcorp.productSupply.model.User.toString(User.java:13)
	at java.base/java.lang.String.valueOf(String.java:4230)
	at com.cinarcorp.productSupply.model.Order.toString(Order.java:15)
	at java.base/java.lang.String.valueOf(String.java:4230)
	at java.base/java.lang.StringBuilder.append(StringBuilder.java:173)
	at java.base/java.util.AbstractCollection.toString(AbstractCollection.java:459)
	at org.hibernate.collection.spi.PersistentBag.toString(PersistentBag.java:590)
	at java.base/java.lang.String.valueOf(String.java:4230)
	at com.cinarcorp.productSupply.model.User.toString(User.java:13)
	at java.base/java.lang.String.valueOf(String.java:4230)
	at com.cinarcorp.productSupply.model.Order.toString(Order.java:15)
	at java.base/java.lang.String.valueOf(String.java:4230)
	at java.base/java.lang.StringBuilder.append(StringBuilder.java:173)
	at java.base/java.util.AbstractCollection.toString(AbstractCollection.java:459)
	at org.hibernate.collection.spi.PersistentBag.toString(PersistentBag.java:590)
	at java.base/java.lang.String.valueOf(String.java:4230)
	at com.cinarcorp.productSupply.model.User.toString(User.java:13)
	at java.base/java.lang.String.valueOf(String.java:4230)
	at com.cinarcorp.productSupply.model.Order.toString(Order.java:15)
	at java.base/java.lang.String.valueOf(String.java:4230)
	at java.base/java.lang.StringBuilder.append(StringBuilder.java:173)
	at java.base/java.util.AbstractCollection.toString(AbstractCollection.java:459)
	at org.hibernate.collection.spi.PersistentBag.toString(PersistentBag.java:590)
	at java.base/java.lang.String.valueOf(String.java:4230)
	at com.cinarcorp.productSupply.model.User.toString(User.java:13)
	at java.base/java.lang.String.valueOf(String.java:4230)
	at com.cinarcorp.productSupply.model.Order.toString(Order.java:15)
	at java.base/java.lang.String.valueOf(String.java:4230)
	at java.base/java.lang.StringBuilder.append(StringBuilder.java:173)
	at java.base/java.util.AbstractCollection.toString(AbstractCollection.java:459)
	at org.hibernate.collection.spi.PersistentBag.toString(PersistentBag.java:590)
	at java.base/java.lang.String.valueOf(String.java:4230)
	at com.cinarcorp.productSupply.model.User.toString(User.java:13)
	at java.base/java.lang.String.valueOf(String.java:4230)
	at com.cinarcorp.productSupply.model.Order.toString(Order.java:15)
	at java.base/java.lang.String.valueOf(String.java:4230)
	at java.base/java.lang.StringBuilder.append(StringBuilder.java:173)
	at java.base/java.util.AbstractCollection.toString(AbstractCollection.java:459)
	at org.hibernate.collection.spi.PersistentBag.toString(PersistentBag.java:590)
	at java.base/java.lang.String.valueOf(String.java:4230)
	at com.cinarcorp.productSupply.model.User.toString(User.java:13)
	at java.base/java.lang.String.valueOf(String.java:4230)
	at com.cinarcorp.productSupply.model.Order.toString(Order.java:15)
	at java.base/java.lang.String.valueOf(String.java:4230)
	at java.base/java.lang.StringBuilder.append(StringBuilder.java:173)
	at java.base/java.util.AbstractCollection.toString(AbstractCollection.java:459)
	at org.hibernate.collection.spi.PersistentBag.toString(PersistentBag.java:590)
	at java.base/java.lang.String.valueOf(String.java:4230)
	at com.cinarcorp.productSupply.model.User.toString(User.java:13)
	at java.base/java.lang.String.valueOf(String.java:4230)
	at com.cinarcorp.productSupply.model.Order.toString(Order.java:15)
	at java.base/java.lang.String.valueOf(String.java:4230)
	at java.base/java.lang.StringBuilder.append(StringBuilder.java:173)
	at java.base/java.util.AbstractCollection.toString(AbstractCollection.java:459)
	at org.hibernate.collection.spi.PersistentBag.toString(PersistentBag.java:590)
	at java.base/java.lang.String.valueOf(String.java:4230)
	at com.cinarcorp.productSupply.model.User.toString(User.java:13)
	at java.base/java.lang.String.valueOf(String.java:4230)
	at com.cinarcorp.productSupply.model.Order.toString(Order.java:15)
	at java.base/java.lang.String.valueOf(String.java:4230)
	at java.base/java.lang.StringBuilder.append(StringBuilder.java:173)
	at java.base/java.util.AbstractCollection.toString(AbstractCollection.java:459)
	at org.hibernate.collection.spi.PersistentBag.toString(PersistentBag.java:590)
	at java.base/java.lang.String.valueOf(String.java:4230)
	at com.cinarcorp.productSupply.model.User.toString(User.java:13)
	at java.base/java.lang.String.valueOf(String.java:4230)
	at com.cinarcorp.productSupply.model.Order.toString(Order.java:15)
	at java.base/java.lang.String.valueOf(String.java:4230)
	at java.base/java.lang.StringBuilder.append(StringBuilder.java:173)
	at java.base/java.util.AbstractCollection.toString(AbstractCollection.java:459)
	at org.hibernate.collection.spi.PersistentBag.toString(PersistentBag.java:590)
	at java.base/java.lang.String.valueOf(String.java:4230)
	at com.cinarcorp.productSupply.model.User.toString(User.java:13)
	at java.base/java.lang.String.valueOf(String.java:4230)
	at com.cinarcorp.productSupply.model.Order.toString(Order.java:15)
	at java.base/java.lang.String.valueOf(String.java:4230)
	at java.base/java.lang.StringBuilder.append(StringBuilder.java:173)
	at java.base/java.util.AbstractCollection.toString(AbstractCollection.java:459)
	at org.hibernate.collection.spi.PersistentBag.toString(PersistentBag.java:590)
	at java.base/java.lang.String.valueOf(String.java:4230)
	at com.cinarcorp.productSupply.model.User.toString(User.java:13)
	at java.base/java.lang.String.valueOf(String.java:4230)
	at com.cinarcorp.productSupply.model.Order.toString(Order.java:15)
	at java.base/java.lang.String.valueOf(String.java:4230)
	at java.base/java.lang.StringBuilder.append(StringBuilder.java:173)
	at java.base/java.util.AbstractCollection.toString(AbstractCollection.java:459)
	at org.hibernate.collection.spi.PersistentBag.toString(PersistentBag.java:590)
	at java.base/java.lang.String.valueOf(String.java:4230)
	at com.cinarcorp.productSupply.model.User.toString(User.java:13)
	at java.base/java.lang.String.valueOf(String.java:4230)
	at com.cinarcorp.productSupply.model.Order.toString(Order.java:15)
	at java.base/java.lang.String.valueOf(String.java:4230)
	at java.base/java.lang.StringBuilder.append(StringBuilder.java:173)
	at java.base/java.util.AbstractCollection.toString(AbstractCollection.java:459)
	at org.hibernate.collection.spi.PersistentBag.toString(PersistentBag.java:590)
	at java.base/java.lang.String.valueOf(String.java:4230)
	at com.cinarcorp.productSupply.model.User.toString(User.java:13)
	at java.base/java.lang.String.valueOf(String.java:4230)
	at com.cinarcorp.productSupply.model.Order.toString(Order.java:15)
	at java.base/java.lang.String.valueOf(String.java:4230)
	at java.base/java.lang.StringBuilder.append(StringBuilder.java:173)
	at java.base/java.util.AbstractCollection.toString(AbstractCollection.java:459)
	at org.hibernate.collection.spi.PersistentBag.toString(PersistentBag.java:590)
	at java.base/java.lang.String.valueOf(String.java:4230)
	at com.cinarcorp.productSupply.model.User.toString(User.java:13)
	at java.base/java.lang.String.valueOf(String.java:4230)
	at com.cinarcorp.productSupply.model.Order.toString(Order.java:15)
	at java.base/java.lang.String.valueOf(String.java:4230)
	at java.base/java.lang.StringBuilder.append(StringBuilder.java:173)
	at java.base/java.util.AbstractCollection.toString(AbstractCollection.java:459)
	at org.hibernate.collection.spi.PersistentBag.toString(PersistentBag.java:590)
	at java.base/java.lang.String.valueOf(String.java:4230)
	at com.cinarcorp.productSupply.model.User.toString(User.java:13)
	at java.base/java.lang.String.valueOf(String.java:4230)
	at com.cinarcorp.productSupply.model.Order.toString(Order.java:15)
	at java.base/java.lang.String.valueOf(String.java:4230)
	at java.base/java.lang.StringBuilder.append(StringBuilder.java:173)
	at java.base/java.util.AbstractCollection.toString(AbstractCollection.java:459)
	at org.hibernate.collection.spi.PersistentBag.toString(PersistentBag.java:590)
	at java.base/java.lang.String.valueOf(String.java:4230)
	at com.cinarcorp.productSupply.model.User.toString(User.java:13)
	at java.base/java.lang.String.valueOf(String.java:4230)
	at com.cinarcorp.productSupply.model.Order.toString(Order.java:15)
	at java.base/java.lang.String.valueOf(String.java:4230)
	at java.base/java.lang.StringBuilder.append(StringBuilder.java:173)
	at java.base/java.util.AbstractCollection.toString(AbstractCollection.java:459)
	at org.hibernate.collection.spi.PersistentBag.toString(PersistentBag.java:590)
	at java.base/java.lang.String.valueOf(String.java:4230)
	at com.cinarcorp.productSupply.model.User.toString(User.java:13)
	at java.base/java.lang.String.valueOf(String.java:4230)
	at com.cinarcorp.productSupply.model.Order.toString(Order.java:15)
	at java.base/java.lang.String.valueOf(String.java:4230)
	at java.base/java.lang.StringBuilder.append(StringBuilder.java:173)
	at java.base/java.util.AbstractCollection.toString(AbstractCollection.java:459)
	at org.hibernate.collection.spi.PersistentBag.toString(PersistentBag.java:590)
	at java.base/java.lang.String.valueOf(String.java:4230)
	at com.cinarcorp.productSupply.model.User.toString(User.java:13)
	at java.base/java.lang.String.valueOf(String.java:4230)
	at com.cinarcorp.productSupply.model.Order.toString(Order.java:15)
	at java.base/java.lang.String.valueOf(String.java:4230)
	at java.base/java.lang.StringBuilder.append(StringBuilder.java:173)
	at java.base/java.util.AbstractCollection.toString(AbstractCollection.java:459)
	at org.hibernate.collection.spi.PersistentBag.toString(PersistentBag.java:590)
	at java.base/java.lang.String.valueOf(String.java:4230)
	at com.cinarcorp.productSupply.model.User.toString(User.java:13)
	at java.base/java.lang.String.valueOf(String.java:4230)
	at com.cinarcorp.productSupply.model.Order.toString(Order.java:15)
	at java.base/java.lang.String.valueOf(String.java:4230)
	at java.base/java.lang.StringBuilder.append(StringBuilder.java:173)
	at java.base/java.util.AbstractCollection.toString(AbstractCollection.java:459)
	at org.hibernate.collection.spi.PersistentBag.toString(PersistentBag.java:590)
	at java.base/java.lang.String.valueOf(String.java:4230)
	at com.cinarcorp.productSupply.model.User.toString(User.java:13)
	at java.base/java.lang.String.valueOf(String.java:4230)
	at com.cinarcorp.productSupply.model.Order.toString(Order.java:15)
	at java.base/java.lang.String.valueOf(String.java:4230)
	at java.base/java.lang.StringBuilder.append(StringBuilder.java:173)
	at java.base/java.util.AbstractCollection.toString(AbstractCollection.java:459)
	at org.hibernate.collection.spi.PersistentBag.toString(PersistentBag.java:590)
	at java.base/java.lang.String.valueOf(String.java:4230)
	at com.cinarcorp.productSupply.model.User.toString(User.java:13)
	at java.base/java.lang.String.valueOf(String.java:4230)
	at com.cinarcorp.productSupply.model.Order.toString(Order.java:15)
	at java.base/java.lang.String.valueOf(String.java:4230)
	at java.base/java.lang.StringBuilder.append(StringBuilder.java:173)
	at java.base/java.util.AbstractCollection.toString(AbstractCollection.java:459)
	at org.hibernate.collection.spi.PersistentBag.toString(PersistentBag.java:590)
	at java.base/java.lang.String.valueOf(String.java:4230)
	at com.cinarcorp.productSupply.model.User.toString(User.java:13)
	at java.base/java.lang.String.valueOf(String.java:4230)
	at com.cinarcorp.productSupply.model.Order.toString(Order.java:15)
	at java.base/java.lang.String.valueOf(String.java:4230)
	at java.base/java.lang.StringBuilder.append(StringBuilder.java:173)
	at java.base/java.util.AbstractCollection.toString(AbstractCollection.java:459)
	at org.hibernate.collection.spi.PersistentBag.toString(PersistentBag.java:590)
	at java.base/java.lang.String.valueOf(String.java:4230)
	at com.cinarcorp.productSupply.model.User.toString(User.java:13)
	at java.base/java.lang.String.valueOf(String.java:4230)
	at com.cinarcorp.productSupply.model.Order.toString(Order.java:15)
	at java.base/java.lang.String.valueOf(String.java:4230)
	at java.base/java.lang.StringBuilder.append(StringBuilder.java:173)
	at java.base/java.util.AbstractCollection.toString(AbstractCollection.java:459)
	at org.hibernate.collection.spi.PersistentBag.toString(PersistentBag.java:590)
	at java.base/java.lang.String.valueOf(String.java:4230)
	at com.cinarcorp.productSupply.model.User.toString(User.java:13)
	at java.base/java.lang.String.valueOf(String.java:4230)
	at com.cinarcorp.productSupply.model.Order.toString(Order.java:15)
	at java.base/java.lang.String.valueOf(String.java:4230)
	at java.base/java.lang.StringBuilder.append(StringBuilder.java:173)
	at java.base/java.util.AbstractCollection.toString(AbstractCollection.java:459)
	at org.hibernate.collection.spi.PersistentBag.toString(PersistentBag.java:590)
	at java.base/java.lang.String.valueOf(String.java:4230)
	at com.cinarcorp.productSupply.model.User.toString(User.java:13)
	at java.base/java.lang.String.valueOf(String.java:4230)
	at com.cinarcorp.productSupply.model.Order.toString(Order.java:15)
	at java.base/java.lang.String.valueOf(String.java:4230)
	at java.base/java.lang.StringBuilder.append(StringBuilder.java:173)
	at java.base/java.util.AbstractCollection.toString(AbstractCollection.java:459)
	at org.hibernate.collection.spi.PersistentBag.toString(PersistentBag.java:590)
	at java.base/java.lang.String.valueOf(String.java:4230)
	at com.cinarcorp.productSupply.model.User.toString(User.java:13)
	at java.base/java.lang.String.valueOf(String.java:4230)
	at com.cinarcorp.productSupply.model.Order.toString(Order.java:15)
	at java.base/java.lang.String.valueOf(String.java:4230)
	at java.base/java.lang.StringBuilder.append(StringBuilder.java:173)
	at java.base/java.util.AbstractCollection.toString(AbstractCollection.java:459)
	at org.hibernate.collection.spi.PersistentBag.toString(PersistentBag.java:590)
	at java.base/java.lang.String.valueOf(String.java:4230)
	at com.cinarcorp.productSupply.model.User.toString(User.java:13)
	at java.base/java.lang.String.valueOf(String.java:4230)
	at com.cinarcorp.productSupply.model.Order.toString(Order.java:15)
	at java.base/java.lang.String.valueOf(String.java:4230)
	at java.base/java.lang.StringBuilder.append(StringBuilder.java:173)
	at java.base/java.util.AbstractCollection.toString(AbstractCollection.java:459)
	at org.hibernate.collection.spi.PersistentBag.toString(PersistentBag.java:590)
	at java.base/java.lang.String.valueOf(String.java:4230)
	at com.cinarcorp.productSupply.model.User.toString(User.java:13)
	at java.base/java.lang.String.valueOf(String.java:4230)
	at com.cinarcorp.productSupply.model.Order.toString(Order.java:15)
	at java.base/java.lang.String.valueOf(String.java:4230)
	at java.base/java.lang.StringBuilder.append(StringBuilder.java:173)
	at java.base/java.util.AbstractCollection.toString(AbstractCollection.java:459)
	at org.hibernate.collection.spi.PersistentBag.toString(PersistentBag.java:590)
	at java.base/java.lang.String.valueOf(String.java:4230)
	at com.cinarcorp.productSupply.model.User.toString(User.java:13)
	at java.base/java.lang.String.valueOf(String.java:4230)
	at com.cinarcorp.productSupply.model.Order.toString(Order.java:15)
	at java.base/java.lang.String.valueOf(String.java:4230)
	at java.base/java.lang.StringBuilder.append(StringBuilder.java:173)
	at java.base/java.util.AbstractCollection.toString(AbstractCollection.java:459)
	at org.hibernate.collection.spi.PersistentBag.toString(PersistentBag.java:590)
	at java.base/java.lang.String.valueOf(String.java:4230)
	at com.cinarcorp.productSupply.model.User.toString(User.java:13)
	at java.base/java.lang.String.valueOf(String.java:4230)
	at com.cinarcorp.productSupply.model.Order.toString(Order.java:15)
	at java.base/java.lang.String.valueOf(String.java:4230)
	at java.base/java.lang.StringBuilder.append(StringBuilder.java:173)
	at java.base/java.util.AbstractCollection.toString(AbstractCollection.java:459)
	at org.hibernate.collection.spi.PersistentBag.toString(PersistentBag.java:590)
	at java.base/java.lang.String.valueOf(String.java:4230)
	at com.cinarcorp.productSupply.model.User.toString(User.java:13)
	at java.base/java.lang.String.valueOf(String.java:4230)
	at com.cinarcorp.productSupply.model.Order.toString(Order.java:15)
	at java.base/java.lang.String.valueOf(String.java:4230)
	at java.base/java.lang.StringBuilder.append(StringBuilder.java:173)
	at java.base/java.util.AbstractCollection.toString(AbstractCollection.java:459)
	at org.hibernate.collection.spi.PersistentBag.toString(PersistentBag.java:590)
	at java.base/java.lang.String.valueOf(String.java:4230)
	at com.cinarcorp.productSupply.model.User.toString(User.java:13)
	at java.base/java.lang.String.valueOf(String.java:4230)
	at com.cinarcorp.productSupply.model.Order.toString(Order.java:15)
	at java.base/java.lang.String.valueOf(String.java:4230)
	at java.base/java.lang.StringBuilder.append(StringBuilder.java:173)
	at java.base/java.util.AbstractCollection.toString(AbstractCollection.java:459)
	at org.hibernate.collection.spi.PersistentBag.toString(PersistentBag.java:590)
	at java.base/java.lang.String.valueOf(String.java:4230)
	at com.cinarcorp.productSupply.model.User.toString(User.java:13)
	at java.base/java.lang.String.valueOf(String.java:4230)
	at com.cinarcorp.productSupply.model.Order.toString(Order.java:15)
	at java.base/java.lang.String.valueOf(String.java:4230)
	at java.base/java.lang.StringBuilder.append(StringBuilder.java:173)
	at java.base/java.util.AbstractCollection.toString(AbstractCollection.java:459)
	at org.hibernate.collection.spi.PersistentBag.toString(PersistentBag.java:590)
	at java.base/java.lang.String.valueOf(String.java:4230)
	at com.cinarcorp.productSupply.model.User.toString(User.java:13)
	at java.base/java.lang.String.valueOf(String.java:4230)
	at com.cinarcorp.productSupply.model.Order.toString(Order.java:15)
	at java.base/java.lang.String.valueOf(String.java:4230)
	at java.base/java.lang.StringBuilder.append(StringBuilder.java:173)
	at java.base/java.util.AbstractCollection.toString(AbstractCollection.java:459)
	at org.hibernate.collection.spi.PersistentBag.toString(PersistentBag.java:590)
	at java.base/java.lang.String.valueOf(String.java:4230)
	at com.cinarcorp.productSupply.model.User.toString(User.java:13)
	at java.base/java.lang.String.valueOf(String.java:4230)
	at com.cinarcorp.productSupply.model.Order.toString(Order.java:15)
	at java.base/java.lang.String.valueOf(String.java:4230)
	at java.base/java.lang.StringBuilder.append(StringBuilder.java:173)
	at java.base/java.util.AbstractCollection.toString(AbstractCollection.java:459)
	at org.hibernate.collection.spi.PersistentBag.toString(PersistentBag.java:590)
	at java.base/java.lang.String.valueOf(String.java:4230)
	at com.cinarcorp.productSupply.model.User.toString(User.java:13)
	at java.base/java.lang.String.valueOf(String.java:4230)
	at com.cinarcorp.productSupply.model.Order.toString(Order.java:15)
	at java.base/java.lang.String.valueOf(String.java:4230)
	at java.base/java.lang.StringBuilder.append(StringBuilder.java:173)
	at java.base/java.util.AbstractCollection.toString(AbstractCollection.java:459)
	at org.hibernate.collection.spi.PersistentBag.toString(PersistentBag.java:590)
	at java.base/java.lang.String.valueOf(String.java:4230)
	at com.cinarcorp.productSupply.model.User.toString(User.java:13)
	at java.base/java.lang.String.valueOf(String.java:4230)
	at com.cinarcorp.productSupply.model.Order.toString(Order.java:15)
	at java.base/java.lang.String.valueOf(String.java:4230)
	at java.base/java.lang.StringBuilder.append(StringBuilder.java:173)
	at java.base/java.util.AbstractCollection.toString(AbstractCollection.java:459)
	at org.hibernate.collection.spi.PersistentBag.toString(PersistentBag.java:590)
	at java.base/java.lang.String.valueOf(String.java:4230)
	at com.cinarcorp.productSupply.model.User.toString(User.java:13)
	at java.base/java.lang.String.valueOf(String.java:4230)
	at com.cinarcorp.productSupply.model.Order.toString(Order.java:15)
	at java.base/java.lang.String.valueOf(String.java:4230)
	at java.base/java.lang.StringBuilder.append(StringBuilder.java:173)
	at java.base/java.util.AbstractCollection.toString(AbstractCollection.java:459)
	at org.hibernate.collection.spi.PersistentBag.toString(PersistentBag.java:590)
	at java.base/java.lang.String.valueOf(String.java:4230)
	at com.cinarcorp.productSupply.model.User.toString(User.java:13)
	at java.base/java.lang.String.valueOf(String.java:4230)
	at com.cinarcorp.productSupply.model.Order.toString(Order.java:15)
	at java.base/java.lang.String.valueOf(String.java:4230)
	at java.base/java.lang.StringBuilder.append(StringBuilder.java:173)
	at java.base/java.util.AbstractCollection.toString(AbstractCollection.java:459)
	at org.hibernate.collection.spi.PersistentBag.toString(PersistentBag.java:590)
	at java.base/java.lang.String.valueOf(String.java:4230)
	at com.cinarcorp.productSupply.model.User.toString(User.java:13)
	at java.base/java.lang.String.valueOf(String.java:4230)
	at com.cinarcorp.productSupply.model.Order.toString(Order.java:15)
	at java.base/java.lang.String.valueOf(String.java:4230)
	at java.base/java.lang.StringBuilder.append(StringBuilder.java:173)
	at java.base/java.util.AbstractCollection.toString(AbstractCollection.java:459)
	at org.hibernate.collection.spi.PersistentBag.toString(PersistentBag.java:590)
	at java.base/java.lang.String.valueOf(String.java:4230)
	at com.cinarcorp.productSupply.model.User.toString(User.java:13)
	at java.base/java.lang.String.valueOf(String.java:4230)
	at com.cinarcorp.productSupply.model.Order.toString(Order.java:15)
	at java.base/java.lang.String.valueOf(String.java:4230)
	at java.base/java.lang.StringBuilder.append(StringBuilder.java:173)
	at java.base/java.util.AbstractCollection.toString(AbstractCollection.java:459)
	at org.hibernate.collection.spi.PersistentBag.toString(PersistentBag.java:590)
	at java.base/java.lang.String.valueOf(String.java:4230)
	at com.cinarcorp.productSupply.model.User.toString(User.java:13)
	at java.base/java.lang.String.valueOf(String.java:4230)
	at com.cinarcorp.productSupply.model.Order.toString(Order.java:15)
	at java.base/java.lang.String.valueOf(String.java:4230)
	at java.base/java.lang.StringBuilder.append(StringBuilder.java:173)
	at java.base/java.util.AbstractCollection.toString(AbstractCollection.java:459)
	at org.hibernate.collection.spi.PersistentBag.toString(PersistentBag.java:590)
	at java.base/java.lang.String.valueOf(String.java:4230)
	at com.cinarcorp.productSupply.model.User.toString(User.java:13)
	at java.base/java.lang.String.valueOf(String.java:4230)
	at com.cinarcorp.productSupply.model.Order.toString(Order.java:15)
	at java.base/java.lang.String.valueOf(String.java:4230)
	at java.base/java.lang.StringBuilder.append(StringBuilder.java:173)
	at java.base/java.util.AbstractCollection.toString(AbstractCollection.java:459)
	at org.hibernate.collection.spi.PersistentBag.toString(PersistentBag.java:590)
	at java.base/java.lang.String.valueOf(String.java:4230)
	at com.cinarcorp.productSupply.model.User.toString(User.java:13)
	at java.base/java.lang.String.valueOf(String.java:4230)
	at com.cinarcorp.productSupply.model.Order.toString(Order.java:15)
	at java.base/java.lang.String.valueOf(String.java:4230)
	at java.base/java.lang.StringBuilder.append(StringBuilder.java:173)
	at java.base/java.util.AbstractCollection.toString(AbstractCollection.java:459)
	at org.hibernate.collection.spi.PersistentBag.toString(PersistentBag.java:590)
	at java.base/java.lang.String.valueOf(String.java:4230)
	at com.cinarcorp.productSupply.model.User.toString(User.java:13)
	at java.base/java.lang.String.valueOf(String.java:4230)
	at com.cinarcorp.productSupply.model.Order.toString(Order.java:15)
	at java.base/java.lang.String.valueOf(String.java:4230)
	at java.base/java.lang.StringBuilder.append(StringBuilder.java:173)
	at java.base/java.util.AbstractCollection.toString(AbstractCollection.java:459)
	at org.hibernate.collection.spi.PersistentBag.toString(PersistentBag.java:590)
	at java.base/java.lang.String.valueOf(String.java:4230)
	at com.cinarcorp.productSupply.model.User.toString(User.java:13)
	at java.base/java.lang.String.valueOf(String.java:4230)
	at com.cinarcorp.productSupply.model.Order.toString(Order.java:15)
	at java.base/java.lang.String.valueOf(String.java:4230)
	at java.base/java.lang.StringBuilder.append(StringBuilder.java:173)
	at java.base/java.util.AbstractCollection.toString(AbstractCollection.java:459)
	at org.hibernate.collection.spi.PersistentBag.toString(PersistentBag.java:590)
	at java.base/java.lang.String.valueOf(String.java:4230)
	at com.cinarcorp.productSupply.model.User.toString(User.java:13)
	at java.base/java.lang.String.valueOf(String.java:4230)
	at com.cinarcorp.productSupply.model.Order.toString(Order.java:15)
	at java.base/java.lang.String.valueOf(String.java:4230)
	at java.base/java.lang.StringBuilder.append(StringBuilder.java:173)
	at java.base/java.util.AbstractCollection.toString(AbstractCollection.java:459)
	at org.hibernate.collection.spi.PersistentBag.toString(PersistentBag.java:590)
	at java.base/java.lang.String.valueOf(String.java:4230)
	at com.cinarcorp.productSupply.model.User.toString(User.java:13)
	at java.base/java.lang.String.valueOf(String.java:4230)
	at com.cinarcorp.productSupply.model.Order.toString(Order.java:15)
	at java.base/java.lang.String.valueOf(String.java:4230)
	at java.base/java.lang.StringBuilder.append(StringBuilder.java:173)
	at java.base/java.util.AbstractCollection.toString(AbstractCollection.java:459)
	at org.hibernate.collection.spi.PersistentBag.toString(PersistentBag.java:590)
	at java.base/java.lang.String.valueOf(String.java:4230)
	at com.cinarcorp.productSupply.model.User.toString(User.java:13)
	at java.base/java.lang.String.valueOf(String.java:4230)
	at com.cinarcorp.productSupply.model.Order.toString(Order.java:15)
	at java.base/java.lang.String.valueOf(String.java:4230)
	at java.base/java.lang.StringBuilder.append(StringBuilder.java:173)
	at java.base/java.util.AbstractCollection.toString(AbstractCollection.java:459)
	at org.hibernate.collection.spi.PersistentBag.toString(PersistentBag.java:590)
	at java.base/java.lang.String.valueOf(String.java:4230)
	at com.cinarcorp.productSupply.model.User.toString(User.java:13)
	at java.base/java.lang.String.valueOf(String.java:4230)
	at com.cinarcorp.productSupply.model.Order.toString(Order.java:15)
	at java.base/java.lang.String.valueOf(String.java:4230)
	at java.base/java.lang.StringBuilder.append(StringBuilder.java:173)
	at java.base/java.util.AbstractCollection.toString(AbstractCollection.java:459)
	at org.hibernate.collection.spi.PersistentBag.toString(PersistentBag.java:590)
	at java.base/java.lang.String.valueOf(String.java:4230)
	at com.cinarcorp.productSupply.model.User.toString(User.java:13)
	at java.base/java.lang.String.valueOf(String.java:4230)
	at com.cinarcorp.productSupply.model.Order.toString(Order.java:15)
	at java.base/java.lang.String.valueOf(String.java:4230)
	at java.base/java.lang.StringBuilder.append(StringBuilder.java:173)
	at java.base/java.util.AbstractCollection.toString(AbstractCollection.java:459)
	at org.hibernate.collection.spi.PersistentBag.toString(PersistentBag.java:590)
	at java.base/java.lang.String.valueOf(String.java:4230)
	at com.cinarcorp.productSupply.model.User.toString(User.java:13)
	at java.base/java.lang.String.valueOf(String.java:4230)
	at com.cinarcorp.productSupply.model.Order.toString(Order.java:15)
	at java.base/java.lang.String.valueOf(String.java:4230)
	at java.base/java.lang.StringBuilder.append(StringBuilder.java:173)
	at java.base/java.util.AbstractCollection.toString(AbstractCollection.java:459)
	at org.hibernate.collection.spi.PersistentBag.toString(PersistentBag.java:590)
	at java.base/java.lang.String.valueOf(String.java:4230)
	at com.cinarcorp.productSupply.model.User.toString(User.java:13)
	at java.base/java.lang.String.valueOf(String.java:4230)
	at com.cinarcorp.productSupply.model.Order.toString(Order.java:15)
	at java.base/java.lang.String.valueOf(String.java:4230)
	at java.base/java.lang.StringBuilder.append(StringBuilder.java:173)
	at java.base/java.util.AbstractCollection.toString(AbstractCollection.java:459)
	at org.hibernate.collection.spi.PersistentBag.toString(PersistentBag.java:590)
	at java.base/java.lang.String.valueOf(String.java:4230)
	at com.cinarcorp.productSupply.model.User.toString(User.java:13)
	at java.base/java.lang.String.valueOf(String.java:4230)
	at com.cinarcorp.productSupply.model.Order.toString(Order.java:15)
	at java.base/java.lang.String.valueOf(String.java:4230)
	at java.base/java.lang.StringBuilder.append(StringBuilder.java:173)
	at java.base/java.util.AbstractCollection.toString(AbstractCollection.java:459)
	at org.hibernate.collection.spi.PersistentBag.toString(PersistentBag.java:590)
	at java.base/java.lang.String.valueOf(String.java:4230)
	at com.cinarcorp.productSupply.model.User.toString(User.java:13)
	at java.base/java.lang.String.valueOf(String.java:4230)
	at com.cinarcorp.productSupply.model.Order.toString(Order.java:15)
	at java.base/java.lang.String.valueOf(String.java:4230)
	at java.base/java.lang.StringBuilder.append(StringBuilder.java:173)
	at java.base/java.util.AbstractCollection.toString(AbstractCollection.java:459)
	at org.hibernate.collection.spi.PersistentBag.toString(PersistentBag.java:590)
	at java.base/java.lang.String.valueOf(String.java:4230)
	at com.cinarcorp.productSupply.model.User.toString(User.java:13)
	at java.base/java.lang.String.valueOf(String.java:4230)
	at com.cinarcorp.productSupply.model.Order.toString(Order.java:15)
	at java.base/java.lang.String.valueOf(String.java:4230)
	at java.base/java.lang.StringBuilder.append(StringBuilder.java:173)
	at java.base/java.util.AbstractCollection.toString(AbstractCollection.java:459)
	at org.hibernate.collection.spi.PersistentBag.toString(PersistentBag.java:590)
	at java.base/java.lang.String.valueOf(String.java:4230)
	at com.cinarcorp.productSupply.model.User.toString(User.java:13)
	at java.base/java.lang.String.valueOf(String.java:4230)
	at com.cinarcorp.productSupply.model.Order.toString(Order.java:15)
	at java.base/java.lang.String.valueOf(String.java:4230)
	at java.base/java.lang.StringBuilder.append(StringBuilder.java:173)
	at java.base/java.util.AbstractCollection.toString(AbstractCollection.java:459)
	at org.hibernate.collection.spi.PersistentBag.toString(PersistentBag.java:590)
	at java.base/java.lang.String.valueOf(String.java:4230)
	at com.cinarcorp.productSupply.model.User.toString(User.java:13)
	at java.base/java.lang.String.valueOf(String.java:4230)
	at com.cinarcorp.productSupply.model.Order.toString(Order.java:15)
	at java.base/java.lang.String.valueOf(String.java:4230)
	at java.base/java.lang.StringBuilder.append(StringBuilder.java:173)
	at java.base/java.util.AbstractCollection.toString(AbstractCollection.java:459)
	at org.hibernate.collection.spi.PersistentBag.toString(PersistentBag.java:590)
	at java.base/java.lang.String.valueOf(String.java:4230)
	at com.cinarcorp.productSupply.model.User.toString(User.java:13)
	at java.base/java.lang.String.valueOf(String.java:4230)
	at com.cinarcorp.productSupply.model.Order.toString(Order.java:15)
	at java.base/java.lang.String.valueOf(String.java:4230)
	at java.base/java.lang.StringBuilder.append(StringBuilder.java:173)
	at java.base/java.util.AbstractCollection.toString(AbstractCollection.java:459)
	at org.hibernate.collection.spi.PersistentBag.toString(PersistentBag.java:590)
	at java.base/java.lang.String.valueOf(String.java:4230)
	at com.cinarcorp.productSupply.model.User.toString(User.java:13)
	at java.base/java.lang.String.valueOf(String.java:4230)
	at com.cinarcorp.productSupply.model.Order.toString(Order.java:15)
	at java.base/java.lang.String.valueOf(String.java:4230)
	at java.base/java.lang.StringBuilder.append(StringBuilder.java:173)
	at java.base/java.util.AbstractCollection.toString(AbstractCollection.java:459)
	at org.hibernate.collection.spi.PersistentBag.toString(PersistentBag.java:590)
	at java.base/java.lang.String.valueOf(String.java:4230)
	at com.cinarcorp.productSupply.model.User.toString(User.java:13)
	at java.base/java.lang.String.valueOf(String.java:4230)
	at com.cinarcorp.productSupply.model.Order.toString(Order.java:15)
	at java.base/java.lang.String.valueOf(String.java:4230)
	at java.base/java.lang.StringBuilder.append(StringBuilder.java:173)
	at java.base/java.util.AbstractCollection.toString(AbstractCollection.java:459)
	at org.hibernate.collection.spi.PersistentBag.toString(PersistentBag.java:590)
	at java.base/java.lang.String.valueOf(String.java:4230)
	at com.cinarcorp.productSupply.model.User.toString(User.java:13)
	at java.base/java.lang.String.valueOf(String.java:4230)
	at com.cinarcorp.productSupply.model.Order.toString(Order.java:15)
	at java.base/java.lang.String.valueOf(String.java:4230)
	at java.base/java.lang.StringBuilder.append(StringBuilder.java:173)
	at java.base/java.util.AbstractCollection.toString(AbstractCollection.java:459)
	at org.hibernate.collection.spi.PersistentBag.toString(PersistentBag.java:590)
	at java.base/java.lang.String.valueOf(String.java:4230)
	at com.cinarcorp.productSupply.model.User.toString(User.java:13)
	at java.base/java.lang.String.valueOf(String.java:4230)
	at com.cinarcorp.productSupply.model.Order.toString(Order.java:15)
	at java.base/java.lang.String.valueOf(String.java:4230)
	at java.base/java.lang.StringBuilder.append(StringBuilder.java:173)
	at java.base/java.util.AbstractCollection.toString(AbstractCollection.java:459)
	at org.hibernate.collection.spi.PersistentBag.toString(PersistentBag.java:590)
	at java.base/java.lang.String.valueOf(String.java:4230)
	at com.cinarcorp.productSupply.model.User.toString(User.java:13)
	at java.base/java.lang.String.valueOf(String.java:4230)
	at com.cinarcorp.productSupply.model.Order.toString(Order.java:15)
	at java.base/java.lang.String.valueOf(String.java:4230)
	at java.base/java.lang.StringBuilder.append(StringBuilder.java:173)
	at java.base/java.util.AbstractCollection.toString(AbstractCollection.java:459)
	at org.hibernate.collection.spi.PersistentBag.toString(PersistentBag.java:590)
	at java.base/java.lang.String.valueOf(String.java:4230)
	at com.cinarcorp.productSupply.model.User.toString(User.java:13)
	at java.base/java.lang.String.valueOf(String.java:4230)
	at com.cinarcorp.productSupply.model.Order.toString(Order.java:15)
	at java.base/java.lang.String.valueOf(String.java:4230)
	at java.base/java.lang.StringBuilder.append(StringBuilder.java:173)
	at java.base/java.util.AbstractCollection.toString(AbstractCollection.java:459)
	at org.hibernate.collection.spi.PersistentBag.toString(PersistentBag.java:590)
	at java.base/java.lang.String.valueOf(String.java:4230)
	at com.cinarcorp.productSupply.model.User.toString(User.java:13)
	at java.base/java.lang.String.valueOf(String.java:4230)
	at com.cinarcorp.productSupply.model.Order.toString(Order.java:15)
	at java.base/java.lang.String.valueOf(String.java:4230)
	at java.base/java.lang.StringBuilder.append(StringBuilder.java:173)
	at java.base/java.util.AbstractCollection.toString(AbstractCollection.java:459)
	at org.hibernate.collection.spi.PersistentBag.toString(PersistentBag.java:590)
	at java.base/java.lang.String.valueOf(String.java:4230)
	at com.cinarcorp.productSupply.model.User.toString(User.java:13)
	at java.base/java.lang.String.valueOf(String.java:4230)
	at com.cinarcorp.productSupply.model.Order.toString(Order.java:15)
	at java.base/java.lang.String.valueOf(String.java:4230)
	at java.base/java.lang.StringBuilder.append(StringBuilder.java:173)
	at java.base/java.util.AbstractCollection.toString(AbstractCollection.java:459)
	at org.hibernate.collection.spi.PersistentBag.toString(PersistentBag.java:590)
	at java.base/java.lang.String.valueOf(String.java:4230)
	at com.cinarcorp.productSupply.model.User.toString(User.java:13)
	at java.base/java.lang.String.valueOf(String.java:4230)
	at com.cinarcorp.productSupply.model.Order.toString(Order.java:15)
	at java.base/java.lang.String.valueOf(String.java:4230)
	at java.base/java.lang.StringBuilder.append(StringBuilder.java:173)
	at java.base/java.util.AbstractCollection.toString(AbstractCollection.java:459)
	at org.hibernate.collection.spi.PersistentBag.toString(PersistentBag.java:590)
	at java.base/java.lang.String.valueOf(String.java:4230)
	at com.cinarcorp.productSupply.model.User.toString(User.java:13)
	at java.base/java.lang.String.valueOf(String.java:4230)
	at com.cinarcorp.productSupply.model.Order.toString(Order.java:15)
	at java.base/java.lang.String.valueOf(String.java:4230)
	at java.base/java.lang.StringBuilder.append(StringBuilder.java:173)
	at java.base/java.util.AbstractCollection.toString(AbstractCollection.java:459)
	at org.hibernate.collection.spi.PersistentBag.toString(PersistentBag.java:590)
	at java.base/java.lang.String.valueOf(String.java:4230)
	at com.cinarcorp.productSupply.model.User.toString(User.java:13)
	at java.base/java.lang.String.valueOf(String.java:4230)
	at com.cinarcorp.productSupply.model.Order.toString(Order.java:15)
	at java.base/java.lang.String.valueOf(String.java:4230)
	at java.base/java.lang.StringBuilder.append(StringBuilder.java:173)
	at java.base/java.util.AbstractCollection.toString(AbstractCollection.java:459)
	at org.hibernate.collection.spi.PersistentBag.toString(PersistentBag.java:590)
	at java.base/java.lang.String.valueOf(String.java:4230)
	at com.cinarcorp.productSupply.model.User.toString(User.java:13)
	at java.base/java.lang.String.valueOf(String.java:4230)
	at com.cinarcorp.productSupply.model.Order.toString(Order.java:15)
	at java.base/java.lang.String.valueOf(String.java:4230)
	at java.base/java.lang.StringBuilder.append(StringBuilder.java:173)
	at java.base/java.util.AbstractCollection.toString(AbstractCollection.java:459)
	at org.hibernate.collection.spi.PersistentBag.toString(PersistentBag.java:590)
	at java.base/java.lang.String.valueOf(String.java:4230)
	at com.cinarcorp.productSupply.model.User.toString(User.java:13)
	at java.base/java.lang.String.valueOf(String.java:4230)
	at com.cinarcorp.productSupply.model.Order.toString(Order.java:15)
	at java.base/java.lang.String.valueOf(String.java:4230)
	at java.base/java.lang.StringBuilder.append(StringBuilder.java:173)
	at java.base/java.util.AbstractCollection.toString(AbstractCollection.java:459)
	at org.hibernate.collection.spi.PersistentBag.toString(PersistentBag.java:590)
	at java.base/java.lang.String.valueOf(String.java:4230)
	at com.cinarcorp.productSupply.model.User.toString(User.java:13)
	at java.base/java.lang.String.valueOf(String.java:4230)
	at com.cinarcorp.productSupply.model.Order.toString(Order.java:15)
	at java.base/java.lang.String.valueOf(String.java:4230)
	at java.base/java.lang.StringBuilder.append(StringBuilder.java:173)
	at java.base/java.util.AbstractCollection.toString(AbstractCollection.java:459)
	at org.hibernate.collection.spi.PersistentBag.toString(PersistentBag.java:590)
	at java.base/java.lang.String.valueOf(String.java:4230)
	at com.cinarcorp.productSupply.model.User.toString(User.java:13)
	at java.base/java.lang.String.valueOf(String.java:4230)
	at com.cinarcorp.productSupply.model.Order.toString(Order.java:15)
	at java.base/java.lang.String.valueOf(String.java:4230)
	at java.base/java.lang.StringBuilder.append(StringBuilder.java:173)
	at java.base/java.util.AbstractCollection.toString(AbstractCollection.java:459)
	at org.hibernate.collection.spi.PersistentBag.toString(PersistentBag.java:590)
	at java.base/java.lang.String.valueOf(String.java:4230)
	at com.cinarcorp.productSupply.model.User.toString(User.java:13)
	at java.base/java.lang.String.valueOf(String.java:4230)
	at com.cinarcorp.productSupply.model.Order.toString(Order.java:15)
	at java.base/java.lang.String.valueOf(String.java:4230)
	at java.base/java.lang.StringBuilder.append(StringBuilder.java:173)
	at java.base/java.util.AbstractCollection.toString(AbstractCollection.java:459)
	at org.hibernate.collection.spi.PersistentBag.toString(PersistentBag.java:590)
	at java.base/java.lang.String.valueOf(String.java:4230)
	at com.cinarcorp.productSupply.model.User.toString(User.java:13)
	at java.base/java.lang.String.valueOf(String.java:4230)
	at com.cinarcorp.productSupply.model.Order.toString(Order.java:15)
	at java.base/java.lang.String.valueOf(String.java:4230)
	at java.base/java.lang.StringBuilder.append(StringBuilder.java:173)
	at java.base/java.util.AbstractCollection.toString(AbstractCollection.java:459)
	at org.hibernate.collection.spi.PersistentBag.toString(PersistentBag.java:590)
	at java.base/java.lang.String.valueOf(String.java:4230)
	at com.cinarcorp.productSupply.model.User.toString(User.java:13)

