<?xml version="1.0" encoding="UTF-8"?>
<testsuite xmlns:xsi="http://www.w3.org/2001/XMLSchema-instance" xsi:noNamespaceSchemaLocation="https://maven.apache.org/surefire/maven-surefire-plugin/xsd/surefire-test-report-3.0.xsd" version="3.0" name="com.cinarcorp.productSupply.repository.UserRepositoryTest" time="0.285" tests="3" errors="2" skipped="0" failures="0">
  <properties>
[...]
</properties>
  <testcase name="saveUser" classname="com.cinarcorp.productSupply.repository.UserRepositoryTest" time="0.076">
    <error message="could not execute statement [Duplicate entry &apos;sssss@outlook.com&apos; for key &apos;tbl_users.emailId_unique&apos;] [insert into tbl_users (address,email_address,first_name,last_name,id) values (?,?,?,?,?)]; SQL [insert into tbl_users (address,email_address,first_name,last_name,id) values (?,?,?,?,?)]; constraint [tbl_users.emailId_unique]" type="org.springframework.dao.DataIntegrityViolationException"><![CDATA[org.springframework.dao.DataIntegrityViolationException: could not execute statement [Duplicate entry 'sssss@outlook.com' for key 'tbl_users.emailId_unique'] [insert into tbl_users (address,email_address,first_name,last_name,id) values (?,?,?,?,?)]; SQL [insert into tbl_users (address,email_address,first_name,last_name,id) values (?,?,?,?,?)]; constraint [tbl_users.emailId_unique]
	at org.springframework.orm.jpa.vendor.HibernateJpaDialect.convertHibernateAccessException(HibernateJpaDialect.java:269)
	at org.springframework.orm.jpa.vendor.HibernateJpaDialect.translateExceptionIfPossible(HibernateJpaDialect.java:229)
	at org.springframework.orm.jpa.JpaTransactionManager.doCommit(JpaTransactionManager.java:565)
	at org.springframework.transaction.support.AbstractPlatformTransactionManager.processCommit(AbstractPlatformTransactionManager.java:743)
	at org.springframework.transaction.support.AbstractPlatformTransactionManager.commit(AbstractPlatformTransactionManager.java:711)
	at org.springframework.transaction.interceptor.TransactionAspectSupport.commitTransactionAfterReturning(TransactionAspectSupport.java:660)
	at org.springframework.transaction.interceptor.TransactionAspectSupport.invokeWithinTransaction(TransactionAspectSupport.java:410)
	at org.springframework.transaction.interceptor.TransactionInterceptor.invoke(TransactionInterceptor.java:119)
	at org.springframework.aop.framework.ReflectiveMethodInvocation.proceed(ReflectiveMethodInvocation.java:184)
	at org.springframework.dao.support.PersistenceExceptionTranslationInterceptor.invoke(PersistenceExceptionTranslationInterceptor.java:137)
	at org.springframework.aop.framework.ReflectiveMethodInvocation.proceed(ReflectiveMethodInvocation.java:184)
	at org.springframework.data.jpa.repository.support.CrudMethodMetadataPostProcessor$CrudMethodMetadataPopulatingMethodInterceptor.invoke(CrudMethodMetadataPostProcessor.java:164)
	at org.springframework.aop.framework.ReflectiveMethodInvocation.proceed(ReflectiveMethodInvocation.java:184)
	at org.springframework.aop.interceptor.ExposeInvocationInterceptor.invoke(ExposeInvocationInterceptor.java:97)
	at org.springframework.aop.framework.ReflectiveMethodInvocation.proceed(ReflectiveMethodInvocation.java:184)
	at org.springframework.aop.framework.JdkDynamicAopProxy.invoke(JdkDynamicAopProxy.java:244)
	at jdk.proxy2/jdk.proxy2.$Proxy123.save(Unknown Source)
	at com.cinarcorp.productSupply.repository.UserRepositoryTest.saveUser(UserRepositoryTest.java:29)
	at java.base/jdk.internal.reflect.DirectMethodHandleAccessor.invoke(DirectMethodHandleAccessor.java:104)
	at java.base/java.lang.reflect.Method.invoke(Method.java:578)
	at org.junit.platform.commons.util.ReflectionUtils.invokeMethod(ReflectionUtils.java:727)
	at org.junit.jupiter.engine.execution.MethodInvocation.proceed(MethodInvocation.java:60)
	at org.junit.jupiter.engine.execution.InvocationInterceptorChain$ValidatingInvocation.proceed(InvocationInterceptorChain.java:131)
	at org.junit.jupiter.engine.extension.TimeoutExtension.intercept(TimeoutExtension.java:156)
	at org.junit.jupiter.engine.extension.TimeoutExtension.interceptTestableMethod(TimeoutExtension.java:147)
	at org.junit.jupiter.engine.extension.TimeoutExtension.interceptTestMethod(TimeoutExtension.java:86)
	at org.junit.jupiter.engine.execution.InterceptingExecutableInvoker$ReflectiveInterceptorCall.lambda$ofVoidMethod$0(InterceptingExecutableInvoker.java:103)
	at org.junit.jupiter.engine.execution.InterceptingExecutableInvoker.lambda$invoke$0(InterceptingExecutableInvoker.java:93)
	at org.junit.jupiter.engine.execution.InvocationInterceptorChain$InterceptedInvocation.proceed(InvocationInterceptorChain.java:106)
	at org.junit.jupiter.engine.execution.InvocationInterceptorChain.proceed(InvocationInterceptorChain.java:64)
	at org.junit.jupiter.engine.execution.InvocationInterceptorChain.chainAndInvoke(InvocationInterceptorChain.java:45)
	at org.junit.jupiter.engine.execution.InvocationInterceptorChain.invoke(InvocationInterceptorChain.java:37)
	at org.junit.jupiter.engine.execution.InterceptingExecutableInvoker.invoke(InterceptingExecutableInvoker.java:92)
	at org.junit.jupiter.engine.execution.InterceptingExecutableInvoker.invoke(InterceptingExecutableInvoker.java:86)
	at org.junit.jupiter.engine.descriptor.TestMethodTestDescriptor.lambda$invokeTestMethod$7(TestMethodTestDescriptor.java:217)
	at org.junit.platform.engine.support.hierarchical.ThrowableCollector.execute(ThrowableCollector.java:73)
	at org.junit.jupiter.engine.descriptor.TestMethodTestDescriptor.invokeTestMethod(TestMethodTestDescriptor.java:213)
	at org.junit.jupiter.engine.descriptor.TestMethodTestDescriptor.execute(TestMethodTestDescriptor.java:138)
	at org.junit.jupiter.engine.descriptor.TestMethodTestDescriptor.execute(TestMethodTestDescriptor.java:68)
	at org.junit.platform.engine.support.hierarchical.NodeTestTask.lambda$executeRecursively$6(NodeTestTask.java:151)
	at org.junit.platform.engine.support.hierarchical.ThrowableCollector.execute(ThrowableCollector.java:73)
	at org.junit.platform.engine.support.hierarchical.NodeTestTask.lambda$executeRecursively$8(NodeTestTask.java:141)
	at org.junit.platform.engine.support.hierarchical.Node.around(Node.java:137)
	at org.junit.platform.engine.support.hierarchical.NodeTestTask.lambda$executeRecursively$9(NodeTestTask.java:139)
	at org.junit.platform.engine.support.hierarchical.ThrowableCollector.execute(ThrowableCollector.java:73)
	at org.junit.platform.engine.support.hierarchical.NodeTestTask.executeRecursively(NodeTestTask.java:138)
	at org.junit.platform.engine.support.hierarchical.NodeTestTask.execute(NodeTestTask.java:95)
	at java.base/java.util.ArrayList.forEach(ArrayList.java:1511)
	at org.junit.platform.engine.support.hierarchical.SameThreadHierarchicalTestExecutorService.invokeAll(SameThreadHierarchicalTestExecutorService.java:41)
	at org.junit.platform.engine.support.hierarchical.NodeTestTask.lambda$executeRecursively$6(NodeTestTask.java:155)
	at org.junit.platform.engine.support.hierarchical.ThrowableCollector.execute(ThrowableCollector.java:73)
	at org.junit.platform.engine.support.hierarchical.NodeTestTask.lambda$executeRecursively$8(NodeTestTask.java:141)
	at org.junit.platform.engine.support.hierarchical.Node.around(Node.java:137)
	at org.junit.platform.engine.support.hierarchical.NodeTestTask.lambda$executeRecursively$9(NodeTestTask.java:139)
	at org.junit.platform.engine.support.hierarchical.ThrowableCollector.execute(ThrowableCollector.java:73)
	at org.junit.platform.engine.support.hierarchical.NodeTestTask.executeRecursively(NodeTestTask.java:138)
	at org.junit.platform.engine.support.hierarchical.NodeTestTask.execute(NodeTestTask.java:95)
	at java.base/java.util.ArrayList.forEach(ArrayList.java:1511)
	at org.junit.platform.engine.support.hierarchical.SameThreadHierarchicalTestExecutorService.invokeAll(SameThreadHierarchicalTestExecutorService.java:41)
	at org.junit.platform.engine.support.hierarchical.NodeTestTask.lambda$executeRecursively$6(NodeTestTask.java:155)
	at org.junit.platform.engine.support.hierarchical.ThrowableCollector.execute(ThrowableCollector.java:73)
	at org.junit.platform.engine.support.hierarchical.NodeTestTask.lambda$executeRecursively$8(NodeTestTask.java:141)
	at org.junit.platform.engine.support.hierarchical.Node.around(Node.java:137)
	at org.junit.platform.engine.support.hierarchical.NodeTestTask.lambda$executeRecursively$9(NodeTestTask.java:139)
	at org.junit.platform.engine.support.hierarchical.ThrowableCollector.execute(ThrowableCollector.java:73)
	at org.junit.platform.engine.support.hierarchical.NodeTestTask.executeRecursively(NodeTestTask.java:138)
	at org.junit.platform.engine.support.hierarchical.NodeTestTask.execute(NodeTestTask.java:95)
	at org.junit.platform.engine.support.hierarchical.SameThreadHierarchicalTestExecutorService.submit(SameThreadHierarchicalTestExecutorService.java:35)
	at org.junit.platform.engine.support.hierarchical.HierarchicalTestExecutor.execute(HierarchicalTestExecutor.java:57)
	at org.junit.platform.engine.support.hierarchical.HierarchicalTestEngine.execute(HierarchicalTestEngine.java:54)
	at org.junit.platform.launcher.core.EngineExecutionOrchestrator.execute(EngineExecutionOrchestrator.java:147)
	at org.junit.platform.launcher.core.EngineExecutionOrchestrator.execute(EngineExecutionOrchestrator.java:127)
	at org.junit.platform.launcher.core.EngineExecutionOrchestrator.execute(EngineExecutionOrchestrator.java:90)
	at org.junit.platform.launcher.core.EngineExecutionOrchestrator.lambda$execute$0(EngineExecutionOrchestrator.java:55)
	at org.junit.platform.launcher.core.EngineExecutionOrchestrator.withInterceptedStreams(EngineExecutionOrchestrator.java:102)
	at org.junit.platform.launcher.core.EngineExecutionOrchestrator.execute(EngineExecutionOrchestrator.java:54)
	at org.junit.platform.launcher.core.DefaultLauncher.execute(DefaultLauncher.java:114)
	at org.junit.platform.launcher.core.DefaultLauncher.execute(DefaultLauncher.java:86)
	at org.junit.platform.launcher.core.DefaultLauncherSession$DelegatingLauncher.execute(DefaultLauncherSession.java:86)
	at org.apache.maven.surefire.junitplatform.LazyLauncher.execute(LazyLauncher.java:50)
	at org.apache.maven.surefire.junitplatform.JUnitPlatformProvider.execute(JUnitPlatformProvider.java:184)
	at org.apache.maven.surefire.junitplatform.JUnitPlatformProvider.invokeAllTests(JUnitPlatformProvider.java:148)
	at org.apache.maven.surefire.junitplatform.JUnitPlatformProvider.invoke(JUnitPlatformProvider.java:122)
	at org.apache.maven.surefire.booter.ForkedBooter.runSuitesInProcess(ForkedBooter.java:385)
	at org.apache.maven.surefire.booter.ForkedBooter.execute(ForkedBooter.java:162)
	at org.apache.maven.surefire.booter.ForkedBooter.run(ForkedBooter.java:507)
	at org.apache.maven.surefire.booter.ForkedBooter.main(ForkedBooter.java:495)
Caused by: org.hibernate.exception.ConstraintViolationException: could not execute statement [Duplicate entry 'sssss@outlook.com' for key 'tbl_users.emailId_unique'] [insert into tbl_users (address,email_address,first_name,last_name,id) values (?,?,?,?,?)]
	at org.hibernate.exception.internal.SQLExceptionTypeDelegate.convert(SQLExceptionTypeDelegate.java:60)
	at org.hibernate.exception.internal.StandardSQLExceptionConverter.convert(StandardSQLExceptionConverter.java:56)
	at org.hibernate.engine.jdbc.spi.SqlExceptionHelper.convert(SqlExceptionHelper.java:108)
	at org.hibernate.engine.jdbc.internal.ResultSetReturnImpl.executeUpdate(ResultSetReturnImpl.java:278)
	at org.hibernate.engine.jdbc.mutation.internal.AbstractMutationExecutor.performNonBatchedMutation(AbstractMutationExecutor.java:108)
	at org.hibernate.engine.jdbc.mutation.internal.MutationExecutorSingleNonBatched.performNonBatchedOperations(MutationExecutorSingleNonBatched.java:40)
	at org.hibernate.engine.jdbc.mutation.internal.AbstractMutationExecutor.execute(AbstractMutationExecutor.java:53)
	at org.hibernate.persister.entity.mutation.InsertCoordinator.doStaticInserts(InsertCoordinator.java:169)
	at org.hibernate.persister.entity.mutation.InsertCoordinator.coordinateInsert(InsertCoordinator.java:111)
	at org.hibernate.persister.entity.AbstractEntityPersister.insert(AbstractEntityPersister.java:2762)
	at org.hibernate.action.internal.EntityInsertAction.execute(EntityInsertAction.java:102)
	at org.hibernate.engine.spi.ActionQueue.executeActions(ActionQueue.java:633)
	at org.hibernate.engine.spi.ActionQueue.executeActions(ActionQueue.java:502)
	at org.hibernate.event.internal.AbstractFlushingEventListener.performExecutions(AbstractFlushingEventListener.java:358)
	at org.hibernate.event.internal.DefaultFlushEventListener.onFlush(DefaultFlushEventListener.java:39)
	at org.hibernate.event.service.internal.EventListenerGroupImpl.fireEventOnEachListener(EventListenerGroupImpl.java:127)
	at org.hibernate.internal.SessionImpl.doFlush(SessionImpl.java:1412)
	at org.hibernate.internal.SessionImpl.managedFlush(SessionImpl.java:485)
	at org.hibernate.internal.SessionImpl.flushBeforeTransactionCompletion(SessionImpl.java:2301)
	at org.hibernate.internal.SessionImpl.beforeTransactionCompletion(SessionImpl.java:1966)
	at org.hibernate.engine.jdbc.internal.JdbcCoordinatorImpl.beforeTransactionCompletion(JdbcCoordinatorImpl.java:439)
	at org.hibernate.resource.transaction.backend.jdbc.internal.JdbcResourceLocalTransactionCoordinatorImpl.beforeCompletionCallback(JdbcResourceLocalTransactionCoordinatorImpl.java:169)
	at org.hibernate.resource.transaction.backend.jdbc.internal.JdbcResourceLocalTransactionCoordinatorImpl$TransactionDriverControlImpl.commit(JdbcResourceLocalTransactionCoordinatorImpl.java:267)
	at org.hibernate.engine.transaction.internal.TransactionImpl.commit(TransactionImpl.java:101)
	at org.springframework.orm.jpa.JpaTransactionManager.doCommit(JpaTransactionManager.java:561)
	... 84 more
Caused by: java.sql.SQLIntegrityConstraintViolationException: Duplicate entry 'sssss@outlook.com' for key 'tbl_users.emailId_unique'
	at com.mysql.cj.jdbc.exceptions.SQLError.createSQLException(SQLError.java:118)
	at com.mysql.cj.jdbc.exceptions.SQLExceptionsMapping.translateException(SQLExceptionsMapping.java:122)
	at com.mysql.cj.jdbc.ClientPreparedStatement.executeInternal(ClientPreparedStatement.java:916)
	at com.mysql.cj.jdbc.ClientPreparedStatement.executeUpdateInternal(ClientPreparedStatement.java:1061)
	at com.mysql.cj.jdbc.ClientPreparedStatement.executeUpdateInternal(ClientPreparedStatement.java:1009)
	at com.mysql.cj.jdbc.ClientPreparedStatement.executeLargeUpdate(ClientPreparedStatement.java:1320)
	at com.mysql.cj.jdbc.ClientPreparedStatement.executeUpdate(ClientPreparedStatement.java:994)
	at com.zaxxer.hikari.pool.ProxyPreparedStatement.executeUpdate(ProxyPreparedStatement.java:61)
	at com.zaxxer.hikari.pool.HikariProxyPreparedStatement.executeUpdate(HikariProxyPreparedStatement.java)
	at org.hibernate.engine.jdbc.internal.ResultSetReturnImpl.executeUpdate(ResultSetReturnImpl.java:275)
	... 105 more
]]></error>
    <system-out><![CDATA[2023-09-20T15:56:01.674+03:00  INFO 4188 --- [           main] t.c.s.AnnotationConfigContextLoaderUtils : Could not detect default configuration classes for test class [com.cinarcorp.productSupply.repository.UserRepositoryTest]: UserRepositoryTest does not declare any static, non-private, non-final, nested classes annotated with @Configuration.
2023-09-20T15:56:01.680+03:00  INFO 4188 --- [           main] .b.t.c.SpringBootTestContextBootstrapper : Found @SpringBootConfiguration com.cinarcorp.productSupply.ProductSupplyApplication for test class com.cinarcorp.productSupply.repository.UserRepositoryTest
Hibernate: insert into tbl_users (address,email_address,first_name,last_name,id) values (?,?,?,?,?)
2023-09-20T15:56:01.751+03:00  WARN 4188 --- [           main] o.h.engine.jdbc.spi.SqlExceptionHelper   : SQL Error: 1062, SQLState: 23000
2023-09-20T15:56:01.751+03:00 ERROR 4188 --- [           main] o.h.engine.jdbc.spi.SqlExceptionHelper   : Duplicate entry 'sssss@outlook.com' for key 'tbl_users.emailId_unique'
]]></system-out>
  </testcase>
  <testcase name="testFindAllUsers" classname="com.cinarcorp.productSupply.repository.UserRepositoryTest" time="0.114">
    <system-out><![CDATA[Hibernate: select u1_0.id,u1_0.address,u1_0.email_address,u1_0.first_name,u1_0.last_name from tbl_users u1_0
Hibernate: select o1_0.user_id,o1_0.id,o1_0.is_complete,o1_0.order_date,o1_0.piece,o1_0.total_paid from tbl_orders o1_0 where o1_0.user_id=?
Hibernate: select p1_0.order_id,p1_0.id,p1_0.description,p1_0.price,p1_0.product_name from tbl_products p1_0 where p1_0.order_id=?
Hibernate: select p1_0.order_id,p1_0.id,p1_0.description,p1_0.price,p1_0.product_name from tbl_products p1_0 where p1_0.order_id=?
Hibernate: select p1_0.order_id,p1_0.id,p1_0.description,p1_0.price,p1_0.product_name from tbl_products p1_0 where p1_0.order_id=?
Hibernate: select o1_0.user_id,o1_0.id,o1_0.is_complete,o1_0.order_date,o1_0.piece,o1_0.total_paid from tbl_orders o1_0 where o1_0.user_id=?
Hibernate: select p1_0.order_id,p1_0.id,p1_0.description,p1_0.price,p1_0.product_name from tbl_products p1_0 where p1_0.order_id=?
Hibernate: select o1_0.user_id,o1_0.id,o1_0.is_complete,o1_0.order_date,o1_0.piece,o1_0.total_paid from tbl_orders o1_0 where o1_0.user_id=?
Hibernate: select p1_0.order_id,p1_0.id,p1_0.description,p1_0.price,p1_0.product_name from tbl_products p1_0 where p1_0.order_id=?
Hibernate: select p1_0.order_id,p1_0.id,p1_0.description,p1_0.price,p1_0.product_name from tbl_products p1_0 where p1_0.order_id=?
Hibernate: select p1_0.order_id,p1_0.id,p1_0.description,p1_0.price,p1_0.product_name from tbl_products p1_0 where p1_0.order_id=?
Hibernate: select p1_0.order_id,p1_0.id,p1_0.description,p1_0.price,p1_0.product_name from tbl_products p1_0 where p1_0.order_id=?
Hibernate: select p1_0.order_id,p1_0.id,p1_0.description,p1_0.price,p1_0.product_name from tbl_products p1_0 where p1_0.order_id=?
Hibernate: select p1_0.order_id,p1_0.id,p1_0.description,p1_0.price,p1_0.product_name from tbl_products p1_0 where p1_0.order_id=?
Hibernate: select p1_0.order_id,p1_0.id,p1_0.description,p1_0.price,p1_0.product_name from tbl_products p1_0 where p1_0.order_id=?
Hibernate: select p1_0.order_id,p1_0.id,p1_0.description,p1_0.price,p1_0.product_name from tbl_products p1_0 where p1_0.order_id=?
Hibernate: select p1_0.order_id,p1_0.id,p1_0.description,p1_0.price,p1_0.product_name from tbl_products p1_0 where p1_0.order_id=?
Hibernate: select p1_0.order_id,p1_0.id,p1_0.description,p1_0.price,p1_0.product_name from tbl_products p1_0 where p1_0.order_id=?
Hibernate: select p1_0.order_id,p1_0.id,p1_0.description,p1_0.price,p1_0.product_name from tbl_products p1_0 where p1_0.order_id=?
Hibernate: select p1_0.order_id,p1_0.id,p1_0.description,p1_0.price,p1_0.product_name from tbl_products p1_0 where p1_0.order_id=?
Hibernate: select p1_0.order_id,p1_0.id,p1_0.description,p1_0.price,p1_0.product_name from tbl_products p1_0 where p1_0.order_id=?
Hibernate: select p1_0.order_id,p1_0.id,p1_0.description,p1_0.price,p1_0.product_name from tbl_products p1_0 where p1_0.order_id=?
Hibernate: select p1_0.order_id,p1_0.id,p1_0.description,p1_0.price,p1_0.product_name from tbl_products p1_0 where p1_0.order_id=?
User ID: 64aed5d5-e239-42bd-8a00-902ceba8ff66
First Name: abc
Last Name: cinar
Address: Sarıyer/İstanbul Garipçe mah Fehim sokak no 93
Email: a-a@outlook.com
Order ID: 117793e0-95a2-4a2b-bea5-b75449799aaa
Order ID: 197f30f5-1488-42d1-b22a-3c6c94d3b730
Order ID: 2b026c7f-8426-4ce2-acee-ff1024b4dd4c
Order ID: 3547afd5-05c2-42a3-bd2a-f4478dd169bc
Order ID: 38469998-7ee8-426f-8f65-0b58bd5f3ede
Order ID: 3f6eebf7-5d14-473f-9595-60c577f3bece
Order ID: 61a5b3b9-ffda-49b4-8222-20a0f446a697
Order ID: 69836623-8faf-47a8-a11b-a2e42dd85ae9
Order ID: 8e0c2c37-554f-4d01-822e-b8384bf68743
Order ID: 8f0332c3-5bb1-4fd0-ae1c-26e45ad27a12
Order ID: 9e0d7ebc-1ef5-448e-afa5-7047778e3dac
Order ID: a174c91a-6d12-4e0b-b2af-0cbde3a709df
Order ID: de84a39f-628b-4038-aa12-f27a50d840b9
Order ID: edca68df-4775-4532-8478-6e3c7365ff2c
Order ID: f74218b3-1553-411f-9a4c-d839220ab18b
------------------------------
User ID: 91572fd3-20d3-48f5-9987-2c48a96dd53e
First Name: çınar
Last Name: ssssss
Address: TÜRKİYE
Email: sadasdasdasdsa@outlook.com
Order ID: c740b4a9-9c0a-401a-997a-ac232157240d
------------------------------
User ID: f185fdce-6d0f-4897-b274-5cd5438f18d6
First Name: çınar
Last Name: ssssss
Address: TÜRKİYE
Email: sssss@outlook.com
Order ID: 7e1e6010-0ea9-4ef0-bea8-c67669694553
Order ID: dbcee1c6-a4b8-4593-b9aa-730905fdaf79
Order ID: df696007-7c39-4bc2-94d7-8b60036a35ea
------------------------------
]]></system-out>
  </testcase>
  <testcase name="getUserById" classname="com.cinarcorp.productSupply.repository.UserRepositoryTest" time="0.074">
    <error type="java.lang.StackOverflowError"><![CDATA[java.lang.StackOverflowError
	at com.cinarcorp.productSupply.model.Order.getUser(Order.java:28)
	at com.cinarcorp.productSupply.model.Order.toString(Order.java:15)
	at java.base/java.lang.String.valueOf(String.java:4230)
	at java.base/java.lang.StringBuilder.append(StringBuilder.java:173)
	at java.base/java.util.AbstractCollection.toString(AbstractCollection.java:459)
	at org.hibernate.collection.spi.PersistentBag.toString(PersistentBag.java:590)
	at java.base/java.lang.String.valueOf(String.java:4230)
	at com.cinarcorp.productSupply.model.User.toString(User.java:13)
	at java.base/java.lang.String.valueOf(String.java:4230)
	at com.cinarcorp.productSupply.model.Order.toString(Order.java:15)
	at java.base/java.lang.String.valueOf(String.java:4230)
	at java.base/java.lang.StringBuilder.append(StringBuilder.java:173)
	at java.base/java.util.AbstractCollection.toString(AbstractCollection.java:459)
	at org.hibernate.collection.spi.PersistentBag.toString(PersistentBag.java:590)
	at java.base/java.lang.String.valueOf(String.java:4230)
	at com.cinarcorp.productSupply.model.User.toString(User.java:13)
	at java.base/java.lang.String.valueOf(String.java:4230)
	at com.cinarcorp.productSupply.model.Order.toString(Order.java:15)
	at java.base/java.lang.String.valueOf(String.java:4230)
	at java.base/java.lang.StringBuilder.append(StringBuilder.java:173)
	at java.base/java.util.AbstractCollection.toString(AbstractCollection.java:459)
	at org.hibernate.collection.spi.PersistentBag.toString(PersistentBag.java:590)
	at java.base/java.lang.String.valueOf(String.java:4230)
	at com.cinarcorp.productSupply.model.User.toString(User.java:13)
	at java.base/java.lang.String.valueOf(String.java:4230)
	at com.cinarcorp.productSupply.model.Order.toString(Order.java:15)
	at java.base/java.lang.String.valueOf(String.java:4230)
	at java.base/java.lang.StringBuilder.append(StringBuilder.java:173)
	at java.base/java.util.AbstractCollection.toString(AbstractCollection.java:459)
	at org.hibernate.collection.spi.PersistentBag.toString(PersistentBag.java:590)
	at java.base/java.lang.String.valueOf(String.java:4230)
	at com.cinarcorp.productSupply.model.User.toString(User.java:13)
	at java.base/java.lang.String.valueOf(String.java:4230)
	at com.cinarcorp.productSupply.model.Order.toString(Order.java:15)
	at java.base/java.lang.String.valueOf(String.java:4230)
	at java.base/java.lang.StringBuilder.append(StringBuilder.java:173)
	at java.base/java.util.AbstractCollection.toString(AbstractCollection.java:459)
	at org.hibernate.collection.spi.PersistentBag.toString(PersistentBag.java:590)
	at java.base/java.lang.String.valueOf(String.java:4230)
	at com.cinarcorp.productSupply.model.User.toString(User.java:13)
	at java.base/java.lang.String.valueOf(String.java:4230)
	at com.cinarcorp.productSupply.model.Order.toString(Order.java:15)
	at java.base/java.lang.String.valueOf(String.java:4230)
	at java.base/java.lang.StringBuilder.append(StringBuilder.java:173)
	at java.base/java.util.AbstractCollection.toString(AbstractCollection.java:459)
	at org.hibernate.collection.spi.PersistentBag.toString(PersistentBag.java:590)
	at java.base/java.lang.String.valueOf(String.java:4230)
	at com.cinarcorp.productSupply.model.User.toString(User.java:13)
	at java.base/java.lang.String.valueOf(String.java:4230)
	at com.cinarcorp.productSupply.model.Order.toString(Order.java:15)
	at java.base/java.lang.String.valueOf(String.java:4230)
	at java.base/java.lang.StringBuilder.append(StringBuilder.java:173)
	at java.base/java.util.AbstractCollection.toString(AbstractCollection.java:459)
	at org.hibernate.collection.spi.PersistentBag.toString(PersistentBag.java:590)
	at java.base/java.lang.String.valueOf(String.java:4230)
	at com.cinarcorp.productSupply.model.User.toString(User.java:13)
	at java.base/java.lang.String.valueOf(String.java:4230)
	at com.cinarcorp.productSupply.model.Order.toString(Order.java:15)
	at java.base/java.lang.String.valueOf(String.java:4230)
	at java.base/java.lang.StringBuilder.append(StringBuilder.java:173)
	at java.base/java.util.AbstractCollection.toString(AbstractCollection.java:459)
	at org.hibernate.collection.spi.PersistentBag.toString(PersistentBag.java:590)
	at java.base/java.lang.String.valueOf(String.java:4230)
	at com.cinarcorp.productSupply.model.User.toString(User.java:13)
	at java.base/java.lang.String.valueOf(String.java:4230)
	at com.cinarcorp.productSupply.model.Order.toString(Order.java:15)
	at java.base/java.lang.String.valueOf(String.java:4230)
	at java.base/java.lang.StringBuilder.append(StringBuilder.java:173)
	at java.base/java.util.AbstractCollection.toString(AbstractCollection.java:459)
	at org.hibernate.collection.spi.PersistentBag.toString(PersistentBag.java:590)
	at java.base/java.lang.String.valueOf(String.java:4230)
	at com.cinarcorp.productSupply.model.User.toString(User.java:13)
	at java.base/java.lang.String.valueOf(String.java:4230)
	at com.cinarcorp.productSupply.model.Order.toString(Order.java:15)
	at java.base/java.lang.String.valueOf(String.java:4230)
	at java.base/java.lang.StringBuilder.append(StringBuilder.java:173)
	at java.base/java.util.AbstractCollection.toString(AbstractCollection.java:459)
	at org.hibernate.collection.spi.PersistentBag.toString(PersistentBag.java:590)
	at java.base/java.lang.String.valueOf(String.java:4230)
	at com.cinarcorp.productSupply.model.User.toString(User.java:13)
	at java.base/java.lang.String.valueOf(String.java:4230)
	at com.cinarcorp.productSupply.model.Order.toString(Order.java:15)
	at java.base/java.lang.String.valueOf(String.java:4230)
	at java.base/java.lang.StringBuilder.append(StringBuilder.java:173)
	at java.base/java.util.AbstractCollection.toString(AbstractCollection.java:459)
	at org.hibernate.collection.spi.PersistentBag.toString(PersistentBag.java:590)
	at java.base/java.lang.String.valueOf(String.java:4230)
	at com.cinarcorp.productSupply.model.User.toString(User.java:13)
	at java.base/java.lang.String.valueOf(String.java:4230)
	at com.cinarcorp.productSupply.model.Order.toString(Order.java:15)
	at java.base/java.lang.String.valueOf(String.java:4230)
	at java.base/java.lang.StringBuilder.append(StringBuilder.java:173)
	at java.base/java.util.AbstractCollection.toString(AbstractCollection.java:459)
	at org.hibernate.collection.spi.PersistentBag.toString(PersistentBag.java:590)
	at java.base/java.lang.String.valueOf(String.java:4230)
	at com.cinarcorp.productSupply.model.User.toString(User.java:13)
	at java.base/java.lang.String.valueOf(String.java:4230)
	at com.cinarcorp.productSupply.model.Order.toString(Order.java:15)
	at java.base/java.lang.String.valueOf(String.java:4230)
	at java.base/java.lang.StringBuilder.append(StringBuilder.java:173)
	at java.base/java.util.AbstractCollection.toString(AbstractCollection.java:459)
	at org.hibernate.collection.spi.PersistentBag.toString(PersistentBag.java:590)
	at java.base/java.lang.String.valueOf(String.java:4230)
	at com.cinarcorp.productSupply.model.User.toString(User.java:13)
	at java.base/java.lang.String.valueOf(String.java:4230)
	at com.cinarcorp.productSupply.model.Order.toString(Order.java:15)
	at java.base/java.lang.String.valueOf(String.java:4230)
	at java.base/java.lang.StringBuilder.append(StringBuilder.java:173)
	at java.base/java.util.AbstractCollection.toString(AbstractCollection.java:459)
	at org.hibernate.collection.spi.PersistentBag.toString(PersistentBag.java:590)
	at java.base/java.lang.String.valueOf(String.java:4230)
	at com.cinarcorp.productSupply.model.User.toString(User.java:13)
	at java.base/java.lang.String.valueOf(String.java:4230)
	at com.cinarcorp.productSupply.model.Order.toString(Order.java:15)
	at java.base/java.lang.String.valueOf(String.java:4230)
	at java.base/java.lang.StringBuilder.append(StringBuilder.java:173)
	at java.base/java.util.AbstractCollection.toString(AbstractCollection.java:459)
	at org.hibernate.collection.spi.PersistentBag.toString(PersistentBag.java:590)
	at java.base/java.lang.String.valueOf(String.java:4230)
	at com.cinarcorp.productSupply.model.User.toString(User.java:13)
	at java.base/java.lang.String.valueOf(String.java:4230)
	at com.cinarcorp.productSupply.model.Order.toString(Order.java:15)
	at java.base/java.lang.String.valueOf(String.java:4230)
	at java.base/java.lang.StringBuilder.append(StringBuilder.java:173)
	at java.base/java.util.AbstractCollection.toString(AbstractCollection.java:459)
	at org.hibernate.collection.spi.PersistentBag.toString(PersistentBag.java:590)
	at java.base/java.lang.String.valueOf(String.java:4230)
	at com.cinarcorp.productSupply.model.User.toString(User.java:13)
	at java.base/java.lang.String.valueOf(String.java:4230)
	at com.cinarcorp.productSupply.model.Order.toString(Order.java:15)
	at java.base/java.lang.String.valueOf(String.java:4230)
	at java.base/java.lang.StringBuilder.append(StringBuilder.java:173)
	at java.base/java.util.AbstractCollection.toString(AbstractCollection.java:459)
	at org.hibernate.collection.spi.PersistentBag.toString(PersistentBag.java:590)
	at java.base/java.lang.String.valueOf(String.java:4230)
	at com.cinarcorp.productSupply.model.User.toString(User.java:13)
	at java.base/java.lang.String.valueOf(String.java:4230)
	at com.cinarcorp.productSupply.model.Order.toString(Order.java:15)
	at java.base/java.lang.String.valueOf(String.java:4230)
	at java.base/java.lang.StringBuilder.append(StringBuilder.java:173)
	at java.base/java.util.AbstractCollection.toString(AbstractCollection.java:459)
	at org.hibernate.collection.spi.PersistentBag.toString(PersistentBag.java:590)
	at java.base/java.lang.String.valueOf(String.java:4230)
	at com.cinarcorp.productSupply.model.User.toString(User.java:13)
	at java.base/java.lang.String.valueOf(String.java:4230)
	at com.cinarcorp.productSupply.model.Order.toString(Order.java:15)
	at java.base/java.lang.String.valueOf(String.java:4230)
	at java.base/java.lang.StringBuilder.append(StringBuilder.java:173)
	at java.base/java.util.AbstractCollection.toString(AbstractCollection.java:459)
	at org.hibernate.collection.spi.PersistentBag.toString(PersistentBag.java:590)
	at java.base/java.lang.String.valueOf(String.java:4230)
	at com.cinarcorp.productSupply.model.User.toString(User.java:13)
	at java.base/java.lang.String.valueOf(String.java:4230)
	at com.cinarcorp.productSupply.model.Order.toString(Order.java:15)
	at java.base/java.lang.String.valueOf(String.java:4230)
	at java.base/java.lang.StringBuilder.append(StringBuilder.java:173)
	at java.base/java.util.AbstractCollection.toString(AbstractCollection.java:459)
	at org.hibernate.collection.spi.PersistentBag.toString(PersistentBag.java:590)
	at java.base/java.lang.String.valueOf(String.java:4230)
	at com.cinarcorp.productSupply.model.User.toString(User.java:13)
	at java.base/java.lang.String.valueOf(String.java:4230)
	at com.cinarcorp.productSupply.model.Order.toString(Order.java:15)
	at java.base/java.lang.String.valueOf(String.java:4230)
	at java.base/java.lang.StringBuilder.append(StringBuilder.java:173)
	at java.base/java.util.AbstractCollection.toString(AbstractCollection.java:459)
	at org.hibernate.collection.spi.PersistentBag.toString(PersistentBag.java:590)
	at java.base/java.lang.String.valueOf(String.java:4230)
	at com.cinarcorp.productSupply.model.User.toString(User.java:13)
	at java.base/java.lang.String.valueOf(String.java:4230)
	at com.cinarcorp.productSupply.model.Order.toString(Order.java:15)
	at java.base/java.lang.String.valueOf(String.java:4230)
	at java.base/java.lang.StringBuilder.append(StringBuilder.java:173)
	at java.base/java.util.AbstractCollection.toString(AbstractCollection.java:459)
	at org.hibernate.collection.spi.PersistentBag.toString(PersistentBag.java:590)
	at java.base/java.lang.String.valueOf(String.java:4230)
	at com.cinarcorp.productSupply.model.User.toString(User.java:13)
	at java.base/java.lang.String.valueOf(String.java:4230)
	at com.cinarcorp.productSupply.model.Order.toString(Order.java:15)
	at java.base/java.lang.String.valueOf(String.java:4230)
	at java.base/java.lang.StringBuilder.append(StringBuilder.java:173)
	at java.base/java.util.AbstractCollection.toString(AbstractCollection.java:459)
	at org.hibernate.collection.spi.PersistentBag.toString(PersistentBag.java:590)
	at java.base/java.lang.String.valueOf(String.java:4230)
	at com.cinarcorp.productSupply.model.User.toString(User.java:13)
	at java.base/java.lang.String.valueOf(String.java:4230)
	at com.cinarcorp.productSupply.model.Order.toString(Order.java:15)
	at java.base/java.lang.String.valueOf(String.java:4230)
	at java.base/java.lang.StringBuilder.append(StringBuilder.java:173)
	at java.base/java.util.AbstractCollection.toString(AbstractCollection.java:459)
	at org.hibernate.collection.spi.PersistentBag.toString(PersistentBag.java:590)
	at java.base/java.lang.String.valueOf(String.java:4230)
	at com.cinarcorp.productSupply.model.User.toString(User.java:13)
	at java.base/java.lang.String.valueOf(String.java:4230)
	at com.cinarcorp.productSupply.model.Order.toString(Order.java:15)
	at java.base/java.lang.String.valueOf(String.java:4230)
	at java.base/java.lang.StringBuilder.append(StringBuilder.java:173)
	at java.base/java.util.AbstractCollection.toString(AbstractCollection.java:459)
	at org.hibernate.collection.spi.PersistentBag.toString(PersistentBag.java:590)
	at java.base/java.lang.String.valueOf(String.java:4230)
	at com.cinarcorp.productSupply.model.User.toString(User.java:13)
	at java.base/java.lang.String.valueOf(String.java:4230)
	at com.cinarcorp.productSupply.model.Order.toString(Order.java:15)
	at java.base/java.lang.String.valueOf(String.java:4230)
	at java.base/java.lang.StringBuilder.append(StringBuilder.java:173)
	at java.base/java.util.AbstractCollection.toString(AbstractCollection.java:459)
	at org.hibernate.collection.spi.PersistentBag.toString(PersistentBag.java:590)
	at java.base/java.lang.String.valueOf(String.java:4230)
	at com.cinarcorp.productSupply.model.User.toString(User.java:13)
	at java.base/java.lang.String.valueOf(String.java:4230)
	at com.cinarcorp.productSupply.model.Order.toString(Order.java:15)
	at java.base/java.lang.String.valueOf(String.java:4230)
	at java.base/java.lang.StringBuilder.append(StringBuilder.java:173)
	at java.base/java.util.AbstractCollection.toString(AbstractCollection.java:459)
	at org.hibernate.collection.spi.PersistentBag.toString(PersistentBag.java:590)
	at java.base/java.lang.String.valueOf(String.java:4230)
	at com.cinarcorp.productSupply.model.User.toString(User.java:13)
	at java.base/java.lang.String.valueOf(String.java:4230)
	at com.cinarcorp.productSupply.model.Order.toString(Order.java:15)
	at java.base/java.lang.String.valueOf(String.java:4230)
	at java.base/java.lang.StringBuilder.append(StringBuilder.java:173)
	at java.base/java.util.AbstractCollection.toString(AbstractCollection.java:459)
	at org.hibernate.collection.spi.PersistentBag.toString(PersistentBag.java:590)
	at java.base/java.lang.String.valueOf(String.java:4230)
	at com.cinarcorp.productSupply.model.User.toString(User.java:13)
	at java.base/java.lang.String.valueOf(String.java:4230)
	at com.cinarcorp.productSupply.model.Order.toString(Order.java:15)
	at java.base/java.lang.String.valueOf(String.java:4230)
	at java.base/java.lang.StringBuilder.append(StringBuilder.java:173)
	at java.base/java.util.AbstractCollection.toString(AbstractCollection.java:459)
	at org.hibernate.collection.spi.PersistentBag.toString(PersistentBag.java:590)
	at java.base/java.lang.String.valueOf(String.java:4230)
	at com.cinarcorp.productSupply.model.User.toString(User.java:13)
	at java.base/java.lang.String.valueOf(String.java:4230)
	at com.cinarcorp.productSupply.model.Order.toString(Order.java:15)
	at java.base/java.lang.String.valueOf(String.java:4230)
	at java.base/java.lang.StringBuilder.append(StringBuilder.java:173)
	at java.base/java.util.AbstractCollection.toString(AbstractCollection.java:459)
	at org.hibernate.collection.spi.PersistentBag.toString(PersistentBag.java:590)
	at java.base/java.lang.String.valueOf(String.java:4230)
	at com.cinarcorp.productSupply.model.User.toString(User.java:13)
	at java.base/java.lang.String.valueOf(String.java:4230)
	at com.cinarcorp.productSupply.model.Order.toString(Order.java:15)
	at java.base/java.lang.String.valueOf(String.java:4230)
	at java.base/java.lang.StringBuilder.append(StringBuilder.java:173)
	at java.base/java.util.AbstractCollection.toString(AbstractCollection.java:459)
	at org.hibernate.collection.spi.PersistentBag.toString(PersistentBag.java:590)
	at java.base/java.lang.String.valueOf(String.java:4230)
	at com.cinarcorp.productSupply.model.User.toString(User.java:13)
	at java.base/java.lang.String.valueOf(String.java:4230)
	at com.cinarcorp.productSupply.model.Order.toString(Order.java:15)
	at java.base/java.lang.String.valueOf(String.java:4230)
	at java.base/java.lang.StringBuilder.append(StringBuilder.java:173)
	at java.base/java.util.AbstractCollection.toString(AbstractCollection.java:459)
	at org.hibernate.collection.spi.PersistentBag.toString(PersistentBag.java:590)
	at java.base/java.lang.String.valueOf(String.java:4230)
	at com.cinarcorp.productSupply.model.User.toString(User.java:13)
	at java.base/java.lang.String.valueOf(String.java:4230)
	at com.cinarcorp.productSupply.model.Order.toString(Order.java:15)
	at java.base/java.lang.String.valueOf(String.java:4230)
	at java.base/java.lang.StringBuilder.append(StringBuilder.java:173)
	at java.base/java.util.AbstractCollection.toString(AbstractCollection.java:459)
	at org.hibernate.collection.spi.PersistentBag.toString(PersistentBag.java:590)
	at java.base/java.lang.String.valueOf(String.java:4230)
	at com.cinarcorp.productSupply.model.User.toString(User.java:13)
	at java.base/java.lang.String.valueOf(String.java:4230)
	at com.cinarcorp.productSupply.model.Order.toString(Order.java:15)
	at java.base/java.lang.String.valueOf(String.java:4230)
	at java.base/java.lang.StringBuilder.append(StringBuilder.java:173)
	at java.base/java.util.AbstractCollection.toString(AbstractCollection.java:459)
	at org.hibernate.collection.spi.PersistentBag.toString(PersistentBag.java:590)
	at java.base/java.lang.String.valueOf(String.java:4230)
	at com.cinarcorp.productSupply.model.User.toString(User.java:13)
	at java.base/java.lang.String.valueOf(String.java:4230)
	at com.cinarcorp.productSupply.model.Order.toString(Order.java:15)
	at java.base/java.lang.String.valueOf(String.java:4230)
	at java.base/java.lang.StringBuilder.append(StringBuilder.java:173)
	at java.base/java.util.AbstractCollection.toString(AbstractCollection.java:459)
	at org.hibernate.collection.spi.PersistentBag.toString(PersistentBag.java:590)
	at java.base/java.lang.String.valueOf(String.java:4230)
	at com.cinarcorp.productSupply.model.User.toString(User.java:13)
	at java.base/java.lang.String.valueOf(String.java:4230)
	at com.cinarcorp.productSupply.model.Order.toString(Order.java:15)
	at java.base/java.lang.String.valueOf(String.java:4230)
	at java.base/java.lang.StringBuilder.append(StringBuilder.java:173)
	at java.base/java.util.AbstractCollection.toString(AbstractCollection.java:459)
	at org.hibernate.collection.spi.PersistentBag.toString(PersistentBag.java:590)
	at java.base/java.lang.String.valueOf(String.java:4230)
	at com.cinarcorp.productSupply.model.User.toString(User.java:13)
	at java.base/java.lang.String.valueOf(String.java:4230)
	at com.cinarcorp.productSupply.model.Order.toString(Order.java:15)
	at java.base/java.lang.String.valueOf(String.java:4230)
	at java.base/java.lang.StringBuilder.append(StringBuilder.java:173)
	at java.base/java.util.AbstractCollection.toString(AbstractCollection.java:459)
	at org.hibernate.collection.spi.PersistentBag.toString(PersistentBag.java:590)
	at java.base/java.lang.String.valueOf(String.java:4230)
	at com.cinarcorp.productSupply.model.User.toString(User.java:13)
	at java.base/java.lang.String.valueOf(String.java:4230)
	at com.cinarcorp.productSupply.model.Order.toString(Order.java:15)
	at java.base/java.lang.String.valueOf(String.java:4230)
	at java.base/java.lang.StringBuilder.append(StringBuilder.java:173)
	at java.base/java.util.AbstractCollection.toString(AbstractCollection.java:459)
	at org.hibernate.collection.spi.PersistentBag.toString(PersistentBag.java:590)
	at java.base/java.lang.String.valueOf(String.java:4230)
	at com.cinarcorp.productSupply.model.User.toString(User.java:13)
	at java.base/java.lang.String.valueOf(String.java:4230)
	at com.cinarcorp.productSupply.model.Order.toString(Order.java:15)
	at java.base/java.lang.String.valueOf(String.java:4230)
	at java.base/java.lang.StringBuilder.append(StringBuilder.java:173)
	at java.base/java.util.AbstractCollection.toString(AbstractCollection.java:459)
	at org.hibernate.collection.spi.PersistentBag.toString(PersistentBag.java:590)
	at java.base/java.lang.String.valueOf(String.java:4230)
	at com.cinarcorp.productSupply.model.User.toString(User.java:13)
	at java.base/java.lang.String.valueOf(String.java:4230)
	at com.cinarcorp.productSupply.model.Order.toString(Order.java:15)
	at java.base/java.lang.String.valueOf(String.java:4230)
	at java.base/java.lang.StringBuilder.append(StringBuilder.java:173)
	at java.base/java.util.AbstractCollection.toString(AbstractCollection.java:459)
	at org.hibernate.collection.spi.PersistentBag.toString(PersistentBag.java:590)
	at java.base/java.lang.String.valueOf(String.java:4230)
	at com.cinarcorp.productSupply.model.User.toString(User.java:13)
	at java.base/java.lang.String.valueOf(String.java:4230)
	at com.cinarcorp.productSupply.model.Order.toString(Order.java:15)
	at java.base/java.lang.String.valueOf(String.java:4230)
	at java.base/java.lang.StringBuilder.append(StringBuilder.java:173)
	at java.base/java.util.AbstractCollection.toString(AbstractCollection.java:459)
	at org.hibernate.collection.spi.PersistentBag.toString(PersistentBag.java:590)
	at java.base/java.lang.String.valueOf(String.java:4230)
	at com.cinarcorp.productSupply.model.User.toString(User.java:13)
	at java.base/java.lang.String.valueOf(String.java:4230)
	at com.cinarcorp.productSupply.model.Order.toString(Order.java:15)
	at java.base/java.lang.String.valueOf(String.java:4230)
	at java.base/java.lang.StringBuilder.append(StringBuilder.java:173)
	at java.base/java.util.AbstractCollection.toString(AbstractCollection.java:459)
	at org.hibernate.collection.spi.PersistentBag.toString(PersistentBag.java:590)
	at java.base/java.lang.String.valueOf(String.java:4230)
	at com.cinarcorp.productSupply.model.User.toString(User.java:13)
	at java.base/java.lang.String.valueOf(String.java:4230)
	at com.cinarcorp.productSupply.model.Order.toString(Order.java:15)
	at java.base/java.lang.String.valueOf(String.java:4230)
	at java.base/java.lang.StringBuilder.append(StringBuilder.java:173)
	at java.base/java.util.AbstractCollection.toString(AbstractCollection.java:459)
	at org.hibernate.collection.spi.PersistentBag.toString(PersistentBag.java:590)
	at java.base/java.lang.String.valueOf(String.java:4230)
	at com.cinarcorp.productSupply.model.User.toString(User.java:13)
	at java.base/java.lang.String.valueOf(String.java:4230)
	at com.cinarcorp.productSupply.model.Order.toString(Order.java:15)
	at java.base/java.lang.String.valueOf(String.java:4230)
	at java.base/java.lang.StringBuilder.append(StringBuilder.java:173)
	at java.base/java.util.AbstractCollection.toString(AbstractCollection.java:459)
	at org.hibernate.collection.spi.PersistentBag.toString(PersistentBag.java:590)
	at java.base/java.lang.String.valueOf(String.java:4230)
	at com.cinarcorp.productSupply.model.User.toString(User.java:13)
	at java.base/java.lang.String.valueOf(String.java:4230)
	at com.cinarcorp.productSupply.model.Order.toString(Order.java:15)
	at java.base/java.lang.String.valueOf(String.java:4230)
	at java.base/java.lang.StringBuilder.append(StringBuilder.java:173)
	at java.base/java.util.AbstractCollection.toString(AbstractCollection.java:459)
	at org.hibernate.collection.spi.PersistentBag.toString(PersistentBag.java:590)
	at java.base/java.lang.String.valueOf(String.java:4230)
	at com.cinarcorp.productSupply.model.User.toString(User.java:13)
	at java.base/java.lang.String.valueOf(String.java:4230)
	at com.cinarcorp.productSupply.model.Order.toString(Order.java:15)
	at java.base/java.lang.String.valueOf(String.java:4230)
	at java.base/java.lang.StringBuilder.append(StringBuilder.java:173)
	at java.base/java.util.AbstractCollection.toString(AbstractCollection.java:459)
	at org.hibernate.collection.spi.PersistentBag.toString(PersistentBag.java:590)
	at java.base/java.lang.String.valueOf(String.java:4230)
	at com.cinarcorp.productSupply.model.User.toString(User.java:13)
	at java.base/java.lang.String.valueOf(String.java:4230)
	at com.cinarcorp.productSupply.model.Order.toString(Order.java:15)
	at java.base/java.lang.String.valueOf(String.java:4230)
	at java.base/java.lang.StringBuilder.append(StringBuilder.java:173)
	at java.base/java.util.AbstractCollection.toString(AbstractCollection.java:459)
	at org.hibernate.collection.spi.PersistentBag.toString(PersistentBag.java:590)
	at java.base/java.lang.String.valueOf(String.java:4230)
	at com.cinarcorp.productSupply.model.User.toString(User.java:13)
	at java.base/java.lang.String.valueOf(String.java:4230)
	at com.cinarcorp.productSupply.model.Order.toString(Order.java:15)
	at java.base/java.lang.String.valueOf(String.java:4230)
	at java.base/java.lang.StringBuilder.append(StringBuilder.java:173)
	at java.base/java.util.AbstractCollection.toString(AbstractCollection.java:459)
	at org.hibernate.collection.spi.PersistentBag.toString(PersistentBag.java:590)
	at java.base/java.lang.String.valueOf(String.java:4230)
	at com.cinarcorp.productSupply.model.User.toString(User.java:13)
	at java.base/java.lang.String.valueOf(String.java:4230)
	at com.cinarcorp.productSupply.model.Order.toString(Order.java:15)
	at java.base/java.lang.String.valueOf(String.java:4230)
	at java.base/java.lang.StringBuilder.append(StringBuilder.java:173)
	at java.base/java.util.AbstractCollection.toString(AbstractCollection.java:459)
	at org.hibernate.collection.spi.PersistentBag.toString(PersistentBag.java:590)
	at java.base/java.lang.String.valueOf(String.java:4230)
	at com.cinarcorp.productSupply.model.User.toString(User.java:13)
	at java.base/java.lang.String.valueOf(String.java:4230)
	at com.cinarcorp.productSupply.model.Order.toString(Order.java:15)
	at java.base/java.lang.String.valueOf(String.java:4230)
	at java.base/java.lang.StringBuilder.append(StringBuilder.java:173)
	at java.base/java.util.AbstractCollection.toString(AbstractCollection.java:459)
	at org.hibernate.collection.spi.PersistentBag.toString(PersistentBag.java:590)
	at java.base/java.lang.String.valueOf(String.java:4230)
	at com.cinarcorp.productSupply.model.User.toString(User.java:13)
	at java.base/java.lang.String.valueOf(String.java:4230)
	at com.cinarcorp.productSupply.model.Order.toString(Order.java:15)
	at java.base/java.lang.String.valueOf(String.java:4230)
	at java.base/java.lang.StringBuilder.append(StringBuilder.java:173)
	at java.base/java.util.AbstractCollection.toString(AbstractCollection.java:459)
	at org.hibernate.collection.spi.PersistentBag.toString(PersistentBag.java:590)
	at java.base/java.lang.String.valueOf(String.java:4230)
	at com.cinarcorp.productSupply.model.User.toString(User.java:13)
	at java.base/java.lang.String.valueOf(String.java:4230)
	at com.cinarcorp.productSupply.model.Order.toString(Order.java:15)
	at java.base/java.lang.String.valueOf(String.java:4230)
	at java.base/java.lang.StringBuilder.append(StringBuilder.java:173)
	at java.base/java.util.AbstractCollection.toString(AbstractCollection.java:459)
	at org.hibernate.collection.spi.PersistentBag.toString(PersistentBag.java:590)
	at java.base/java.lang.String.valueOf(String.java:4230)
	at com.cinarcorp.productSupply.model.User.toString(User.java:13)
	at java.base/java.lang.String.valueOf(String.java:4230)
	at com.cinarcorp.productSupply.model.Order.toString(Order.java:15)
	at java.base/java.lang.String.valueOf(String.java:4230)
	at java.base/java.lang.StringBuilder.append(StringBuilder.java:173)
	at java.base/java.util.AbstractCollection.toString(AbstractCollection.java:459)
	at org.hibernate.collection.spi.PersistentBag.toString(PersistentBag.java:590)
	at java.base/java.lang.String.valueOf(String.java:4230)
	at com.cinarcorp.productSupply.model.User.toString(User.java:13)
	at java.base/java.lang.String.valueOf(String.java:4230)
	at com.cinarcorp.productSupply.model.Order.toString(Order.java:15)
	at java.base/java.lang.String.valueOf(String.java:4230)
	at java.base/java.lang.StringBuilder.append(StringBuilder.java:173)
	at java.base/java.util.AbstractCollection.toString(AbstractCollection.java:459)
	at org.hibernate.collection.spi.PersistentBag.toString(PersistentBag.java:590)
	at java.base/java.lang.String.valueOf(String.java:4230)
	at com.cinarcorp.productSupply.model.User.toString(User.java:13)
	at java.base/java.lang.String.valueOf(String.java:4230)
	at com.cinarcorp.productSupply.model.Order.toString(Order.java:15)
	at java.base/java.lang.String.valueOf(String.java:4230)
	at java.base/java.lang.StringBuilder.append(StringBuilder.java:173)
	at java.base/java.util.AbstractCollection.toString(AbstractCollection.java:459)
	at org.hibernate.collection.spi.PersistentBag.toString(PersistentBag.java:590)
	at java.base/java.lang.String.valueOf(String.java:4230)
	at com.cinarcorp.productSupply.model.User.toString(User.java:13)
	at java.base/java.lang.String.valueOf(String.java:4230)
	at com.cinarcorp.productSupply.model.Order.toString(Order.java:15)
	at java.base/java.lang.String.valueOf(String.java:4230)
	at java.base/java.lang.StringBuilder.append(StringBuilder.java:173)
	at java.base/java.util.AbstractCollection.toString(AbstractCollection.java:459)
	at org.hibernate.collection.spi.PersistentBag.toString(PersistentBag.java:590)
	at java.base/java.lang.String.valueOf(String.java:4230)
	at com.cinarcorp.productSupply.model.User.toString(User.java:13)
	at java.base/java.lang.String.valueOf(String.java:4230)
	at com.cinarcorp.productSupply.model.Order.toString(Order.java:15)
	at java.base/java.lang.String.valueOf(String.java:4230)
	at java.base/java.lang.StringBuilder.append(StringBuilder.java:173)
	at java.base/java.util.AbstractCollection.toString(AbstractCollection.java:459)
	at org.hibernate.collection.spi.PersistentBag.toString(PersistentBag.java:590)
	at java.base/java.lang.String.valueOf(String.java:4230)
	at com.cinarcorp.productSupply.model.User.toString(User.java:13)
	at java.base/java.lang.String.valueOf(String.java:4230)
	at com.cinarcorp.productSupply.model.Order.toString(Order.java:15)
	at java.base/java.lang.String.valueOf(String.java:4230)
	at java.base/java.lang.StringBuilder.append(StringBuilder.java:173)
	at java.base/java.util.AbstractCollection.toString(AbstractCollection.java:459)
	at org.hibernate.collection.spi.PersistentBag.toString(PersistentBag.java:590)
	at java.base/java.lang.String.valueOf(String.java:4230)
	at com.cinarcorp.productSupply.model.User.toString(User.java:13)
	at java.base/java.lang.String.valueOf(String.java:4230)
	at com.cinarcorp.productSupply.model.Order.toString(Order.java:15)
	at java.base/java.lang.String.valueOf(String.java:4230)
	at java.base/java.lang.StringBuilder.append(StringBuilder.java:173)
	at java.base/java.util.AbstractCollection.toString(AbstractCollection.java:459)
	at org.hibernate.collection.spi.PersistentBag.toString(PersistentBag.java:590)
	at java.base/java.lang.String.valueOf(String.java:4230)
	at com.cinarcorp.productSupply.model.User.toString(User.java:13)
	at java.base/java.lang.String.valueOf(String.java:4230)
	at com.cinarcorp.productSupply.model.Order.toString(Order.java:15)
	at java.base/java.lang.String.valueOf(String.java:4230)
	at java.base/java.lang.StringBuilder.append(StringBuilder.java:173)
	at java.base/java.util.AbstractCollection.toString(AbstractCollection.java:459)
	at org.hibernate.collection.spi.PersistentBag.toString(PersistentBag.java:590)
	at java.base/java.lang.String.valueOf(String.java:4230)
	at com.cinarcorp.productSupply.model.User.toString(User.java:13)
	at java.base/java.lang.String.valueOf(String.java:4230)
	at com.cinarcorp.productSupply.model.Order.toString(Order.java:15)
	at java.base/java.lang.String.valueOf(String.java:4230)
	at java.base/java.lang.StringBuilder.append(StringBuilder.java:173)
	at java.base/java.util.AbstractCollection.toString(AbstractCollection.java:459)
	at org.hibernate.collection.spi.PersistentBag.toString(PersistentBag.java:590)
	at java.base/java.lang.String.valueOf(String.java:4230)
	at com.cinarcorp.productSupply.model.User.toString(User.java:13)
	at java.base/java.lang.String.valueOf(String.java:4230)
	at com.cinarcorp.productSupply.model.Order.toString(Order.java:15)
	at java.base/java.lang.String.valueOf(String.java:4230)
	at java.base/java.lang.StringBuilder.append(StringBuilder.java:173)
	at java.base/java.util.AbstractCollection.toString(AbstractCollection.java:459)
	at org.hibernate.collection.spi.PersistentBag.toString(PersistentBag.java:590)
	at java.base/java.lang.String.valueOf(String.java:4230)
	at com.cinarcorp.productSupply.model.User.toString(User.java:13)
	at java.base/java.lang.String.valueOf(String.java:4230)
	at com.cinarcorp.productSupply.model.Order.toString(Order.java:15)
	at java.base/java.lang.String.valueOf(String.java:4230)
	at java.base/java.lang.StringBuilder.append(StringBuilder.java:173)
	at java.base/java.util.AbstractCollection.toString(AbstractCollection.java:459)
	at org.hibernate.collection.spi.PersistentBag.toString(PersistentBag.java:590)
	at java.base/java.lang.String.valueOf(String.java:4230)
	at com.cinarcorp.productSupply.model.User.toString(User.java:13)
	at java.base/java.lang.String.valueOf(String.java:4230)
	at com.cinarcorp.productSupply.model.Order.toString(Order.java:15)
	at java.base/java.lang.String.valueOf(String.java:4230)
	at java.base/java.lang.StringBuilder.append(StringBuilder.java:173)
	at java.base/java.util.AbstractCollection.toString(AbstractCollection.java:459)
	at org.hibernate.collection.spi.PersistentBag.toString(PersistentBag.java:590)
	at java.base/java.lang.String.valueOf(String.java:4230)
	at com.cinarcorp.productSupply.model.User.toString(User.java:13)
	at java.base/java.lang.String.valueOf(String.java:4230)
	at com.cinarcorp.productSupply.model.Order.toString(Order.java:15)
	at java.base/java.lang.String.valueOf(String.java:4230)
	at java.base/java.lang.StringBuilder.append(StringBuilder.java:173)
	at java.base/java.util.AbstractCollection.toString(AbstractCollection.java:459)
	at org.hibernate.collection.spi.PersistentBag.toString(PersistentBag.java:590)
	at java.base/java.lang.String.valueOf(String.java:4230)
	at com.cinarcorp.productSupply.model.User.toString(User.java:13)
	at java.base/java.lang.String.valueOf(String.java:4230)
	at com.cinarcorp.productSupply.model.Order.toString(Order.java:15)
	at java.base/java.lang.String.valueOf(String.java:4230)
	at java.base/java.lang.StringBuilder.append(StringBuilder.java:173)
	at java.base/java.util.AbstractCollection.toString(AbstractCollection.java:459)
	at org.hibernate.collection.spi.PersistentBag.toString(PersistentBag.java:590)
	at java.base/java.lang.String.valueOf(String.java:4230)
	at com.cinarcorp.productSupply.model.User.toString(User.java:13)
	at java.base/java.lang.String.valueOf(String.java:4230)
	at com.cinarcorp.productSupply.model.Order.toString(Order.java:15)
	at java.base/java.lang.String.valueOf(String.java:4230)
	at java.base/java.lang.StringBuilder.append(StringBuilder.java:173)
	at java.base/java.util.AbstractCollection.toString(AbstractCollection.java:459)
	at org.hibernate.collection.spi.PersistentBag.toString(PersistentBag.java:590)
	at java.base/java.lang.String.valueOf(String.java:4230)
	at com.cinarcorp.productSupply.model.User.toString(User.java:13)
	at java.base/java.lang.String.valueOf(String.java:4230)
	at com.cinarcorp.productSupply.model.Order.toString(Order.java:15)
	at java.base/java.lang.String.valueOf(String.java:4230)
	at java.base/java.lang.StringBuilder.append(StringBuilder.java:173)
	at java.base/java.util.AbstractCollection.toString(AbstractCollection.java:459)
	at org.hibernate.collection.spi.PersistentBag.toString(PersistentBag.java:590)
	at java.base/java.lang.String.valueOf(String.java:4230)
	at com.cinarcorp.productSupply.model.User.toString(User.java:13)
	at java.base/java.lang.String.valueOf(String.java:4230)
	at com.cinarcorp.productSupply.model.Order.toString(Order.java:15)
	at java.base/java.lang.String.valueOf(String.java:4230)
	at java.base/java.lang.StringBuilder.append(StringBuilder.java:173)
	at java.base/java.util.AbstractCollection.toString(AbstractCollection.java:459)
	at org.hibernate.collection.spi.PersistentBag.toString(PersistentBag.java:590)
	at java.base/java.lang.String.valueOf(String.java:4230)
	at com.cinarcorp.productSupply.model.User.toString(User.java:13)
	at java.base/java.lang.String.valueOf(String.java:4230)
	at com.cinarcorp.productSupply.model.Order.toString(Order.java:15)
	at java.base/java.lang.String.valueOf(String.java:4230)
	at java.base/java.lang.StringBuilder.append(StringBuilder.java:173)
	at java.base/java.util.AbstractCollection.toString(AbstractCollection.java:459)
	at org.hibernate.collection.spi.PersistentBag.toString(PersistentBag.java:590)
	at java.base/java.lang.String.valueOf(String.java:4230)
	at com.cinarcorp.productSupply.model.User.toString(User.java:13)
	at java.base/java.lang.String.valueOf(String.java:4230)
	at com.cinarcorp.productSupply.model.Order.toString(Order.java:15)
	at java.base/java.lang.String.valueOf(String.java:4230)
	at java.base/java.lang.StringBuilder.append(StringBuilder.java:173)
	at java.base/java.util.AbstractCollection.toString(AbstractCollection.java:459)
	at org.hibernate.collection.spi.PersistentBag.toString(PersistentBag.java:590)
	at java.base/java.lang.String.valueOf(String.java:4230)
	at com.cinarcorp.productSupply.model.User.toString(User.java:13)
	at java.base/java.lang.String.valueOf(String.java:4230)
	at com.cinarcorp.productSupply.model.Order.toString(Order.java:15)
	at java.base/java.lang.String.valueOf(String.java:4230)
	at java.base/java.lang.StringBuilder.append(StringBuilder.java:173)
	at java.base/java.util.AbstractCollection.toString(AbstractCollection.java:459)
	at org.hibernate.collection.spi.PersistentBag.toString(PersistentBag.java:590)
	at java.base/java.lang.String.valueOf(String.java:4230)
	at com.cinarcorp.productSupply.model.User.toString(User.java:13)
	at java.base/java.lang.String.valueOf(String.java:4230)
	at com.cinarcorp.productSupply.model.Order.toString(Order.java:15)
	at java.base/java.lang.String.valueOf(String.java:4230)
	at java.base/java.lang.StringBuilder.append(StringBuilder.java:173)
	at java.base/java.util.AbstractCollection.toString(AbstractCollection.java:459)
	at org.hibernate.collection.spi.PersistentBag.toString(PersistentBag.java:590)
	at java.base/java.lang.String.valueOf(String.java:4230)
	at com.cinarcorp.productSupply.model.User.toString(User.java:13)
	at java.base/java.lang.String.valueOf(String.java:4230)
	at com.cinarcorp.productSupply.model.Order.toString(Order.java:15)
	at java.base/java.lang.String.valueOf(String.java:4230)
	at java.base/java.lang.StringBuilder.append(StringBuilder.java:173)
	at java.base/java.util.AbstractCollection.toString(AbstractCollection.java:459)
	at org.hibernate.collection.spi.PersistentBag.toString(PersistentBag.java:590)
	at java.base/java.lang.String.valueOf(String.java:4230)
	at com.cinarcorp.productSupply.model.User.toString(User.java:13)
	at java.base/java.lang.String.valueOf(String.java:4230)
	at com.cinarcorp.productSupply.model.Order.toString(Order.java:15)
	at java.base/java.lang.String.valueOf(String.java:4230)
	at java.base/java.lang.StringBuilder.append(StringBuilder.java:173)
	at java.base/java.util.AbstractCollection.toString(AbstractCollection.java:459)
	at org.hibernate.collection.spi.PersistentBag.toString(PersistentBag.java:590)
	at java.base/java.lang.String.valueOf(String.java:4230)
	at com.cinarcorp.productSupply.model.User.toString(User.java:13)
	at java.base/java.lang.String.valueOf(String.java:4230)
	at com.cinarcorp.productSupply.model.Order.toString(Order.java:15)
	at java.base/java.lang.String.valueOf(String.java:4230)
	at java.base/java.lang.StringBuilder.append(StringBuilder.java:173)
	at java.base/java.util.AbstractCollection.toString(AbstractCollection.java:459)
	at org.hibernate.collection.spi.PersistentBag.toString(PersistentBag.java:590)
	at java.base/java.lang.String.valueOf(String.java:4230)
	at com.cinarcorp.productSupply.model.User.toString(User.java:13)
	at java.base/java.lang.String.valueOf(String.java:4230)
	at com.cinarcorp.productSupply.model.Order.toString(Order.java:15)
	at java.base/java.lang.String.valueOf(String.java:4230)
	at java.base/java.lang.StringBuilder.append(StringBuilder.java:173)
	at java.base/java.util.AbstractCollection.toString(AbstractCollection.java:459)
	at org.hibernate.collection.spi.PersistentBag.toString(PersistentBag.java:590)
	at java.base/java.lang.String.valueOf(String.java:4230)
	at com.cinarcorp.productSupply.model.User.toString(User.java:13)
	at java.base/java.lang.String.valueOf(String.java:4230)
	at com.cinarcorp.productSupply.model.Order.toString(Order.java:15)
	at java.base/java.lang.String.valueOf(String.java:4230)
	at java.base/java.lang.StringBuilder.append(StringBuilder.java:173)
	at java.base/java.util.AbstractCollection.toString(AbstractCollection.java:459)
	at org.hibernate.collection.spi.PersistentBag.toString(PersistentBag.java:590)
	at java.base/java.lang.String.valueOf(String.java:4230)
	at com.cinarcorp.productSupply.model.User.toString(User.java:13)
	at java.base/java.lang.String.valueOf(String.java:4230)
	at com.cinarcorp.productSupply.model.Order.toString(Order.java:15)
	at java.base/java.lang.String.valueOf(String.java:4230)
	at java.base/java.lang.StringBuilder.append(StringBuilder.java:173)
	at java.base/java.util.AbstractCollection.toString(AbstractCollection.java:459)
	at org.hibernate.collection.spi.PersistentBag.toString(PersistentBag.java:590)
	at java.base/java.lang.String.valueOf(String.java:4230)
	at com.cinarcorp.productSupply.model.User.toString(User.java:13)
	at java.base/java.lang.String.valueOf(String.java:4230)
	at com.cinarcorp.productSupply.model.Order.toString(Order.java:15)
	at java.base/java.lang.String.valueOf(String.java:4230)
	at java.base/java.lang.StringBuilder.append(StringBuilder.java:173)
	at java.base/java.util.AbstractCollection.toString(AbstractCollection.java:459)
	at org.hibernate.collection.spi.PersistentBag.toString(PersistentBag.java:590)
	at java.base/java.lang.String.valueOf(String.java:4230)
	at com.cinarcorp.productSupply.model.User.toString(User.java:13)
	at java.base/java.lang.String.valueOf(String.java:4230)
	at com.cinarcorp.productSupply.model.Order.toString(Order.java:15)
	at java.base/java.lang.String.valueOf(String.java:4230)
	at java.base/java.lang.StringBuilder.append(StringBuilder.java:173)
	at java.base/java.util.AbstractCollection.toString(AbstractCollection.java:459)
	at org.hibernate.collection.spi.PersistentBag.toString(PersistentBag.java:590)
	at java.base/java.lang.String.valueOf(String.java:4230)
	at com.cinarcorp.productSupply.model.User.toString(User.java:13)
	at java.base/java.lang.String.valueOf(String.java:4230)
	at com.cinarcorp.productSupply.model.Order.toString(Order.java:15)
	at java.base/java.lang.String.valueOf(String.java:4230)
	at java.base/java.lang.StringBuilder.append(StringBuilder.java:173)
	at java.base/java.util.AbstractCollection.toString(AbstractCollection.java:459)
	at org.hibernate.collection.spi.PersistentBag.toString(PersistentBag.java:590)
	at java.base/java.lang.String.valueOf(String.java:4230)
	at com.cinarcorp.productSupply.model.User.toString(User.java:13)
	at java.base/java.lang.String.valueOf(String.java:4230)
	at com.cinarcorp.productSupply.model.Order.toString(Order.java:15)
	at java.base/java.lang.String.valueOf(String.java:4230)
	at java.base/java.lang.StringBuilder.append(StringBuilder.java:173)
	at java.base/java.util.AbstractCollection.toString(AbstractCollection.java:459)
	at org.hibernate.collection.spi.PersistentBag.toString(PersistentBag.java:590)
	at java.base/java.lang.String.valueOf(String.java:4230)
	at com.cinarcorp.productSupply.model.User.toString(User.java:13)
	at java.base/java.lang.String.valueOf(String.java:4230)
	at com.cinarcorp.productSupply.model.Order.toString(Order.java:15)
	at java.base/java.lang.String.valueOf(String.java:4230)
	at java.base/java.lang.StringBuilder.append(StringBuilder.java:173)
	at java.base/java.util.AbstractCollection.toString(AbstractCollection.java:459)
	at org.hibernate.collection.spi.PersistentBag.toString(PersistentBag.java:590)
	at java.base/java.lang.String.valueOf(String.java:4230)
	at com.cinarcorp.productSupply.model.User.toString(User.java:13)
	at java.base/java.lang.String.valueOf(String.java:4230)
	at com.cinarcorp.productSupply.model.Order.toString(Order.java:15)
	at java.base/java.lang.String.valueOf(String.java:4230)
	at java.base/java.lang.StringBuilder.append(StringBuilder.java:173)
	at java.base/java.util.AbstractCollection.toString(AbstractCollection.java:459)
	at org.hibernate.collection.spi.PersistentBag.toString(PersistentBag.java:590)
	at java.base/java.lang.String.valueOf(String.java:4230)
	at com.cinarcorp.productSupply.model.User.toString(User.java:13)
	at java.base/java.lang.String.valueOf(String.java:4230)
	at com.cinarcorp.productSupply.model.Order.toString(Order.java:15)
	at java.base/java.lang.String.valueOf(String.java:4230)
	at java.base/java.lang.StringBuilder.append(StringBuilder.java:173)
	at java.base/java.util.AbstractCollection.toString(AbstractCollection.java:459)
	at org.hibernate.collection.spi.PersistentBag.toString(PersistentBag.java:590)
	at java.base/java.lang.String.valueOf(String.java:4230)
	at com.cinarcorp.productSupply.model.User.toString(User.java:13)
	at java.base/java.lang.String.valueOf(String.java:4230)
	at com.cinarcorp.productSupply.model.Order.toString(Order.java:15)
	at java.base/java.lang.String.valueOf(String.java:4230)
	at java.base/java.lang.StringBuilder.append(StringBuilder.java:173)
	at java.base/java.util.AbstractCollection.toString(AbstractCollection.java:459)
	at org.hibernate.collection.spi.PersistentBag.toString(PersistentBag.java:590)
	at java.base/java.lang.String.valueOf(String.java:4230)
	at com.cinarcorp.productSupply.model.User.toString(User.java:13)
	at java.base/java.lang.String.valueOf(String.java:4230)
	at com.cinarcorp.productSupply.model.Order.toString(Order.java:15)
	at java.base/java.lang.String.valueOf(String.java:4230)
	at java.base/java.lang.StringBuilder.append(StringBuilder.java:173)
	at java.base/java.util.AbstractCollection.toString(AbstractCollection.java:459)
	at org.hibernate.collection.spi.PersistentBag.toString(PersistentBag.java:590)
	at java.base/java.lang.String.valueOf(String.java:4230)
	at com.cinarcorp.productSupply.model.User.toString(User.java:13)
	at java.base/java.lang.String.valueOf(String.java:4230)
	at com.cinarcorp.productSupply.model.Order.toString(Order.java:15)
	at java.base/java.lang.String.valueOf(String.java:4230)
	at java.base/java.lang.StringBuilder.append(StringBuilder.java:173)
	at java.base/java.util.AbstractCollection.toString(AbstractCollection.java:459)
	at org.hibernate.collection.spi.PersistentBag.toString(PersistentBag.java:590)
	at java.base/java.lang.String.valueOf(String.java:4230)
	at com.cinarcorp.productSupply.model.User.toString(User.java:13)
	at java.base/java.lang.String.valueOf(String.java:4230)
	at com.cinarcorp.productSupply.model.Order.toString(Order.java:15)
	at java.base/java.lang.String.valueOf(String.java:4230)
	at java.base/java.lang.StringBuilder.append(StringBuilder.java:173)
	at java.base/java.util.AbstractCollection.toString(AbstractCollection.java:459)
	at org.hibernate.collection.spi.PersistentBag.toString(PersistentBag.java:590)
	at java.base/java.lang.String.valueOf(String.java:4230)
	at com.cinarcorp.productSupply.model.User.toString(User.java:13)
	at java.base/java.lang.String.valueOf(String.java:4230)
	at com.cinarcorp.productSupply.model.Order.toString(Order.java:15)
	at java.base/java.lang.String.valueOf(String.java:4230)
	at java.base/java.lang.StringBuilder.append(StringBuilder.java:173)
	at java.base/java.util.AbstractCollection.toString(AbstractCollection.java:459)
	at org.hibernate.collection.spi.PersistentBag.toString(PersistentBag.java:590)
	at java.base/java.lang.String.valueOf(String.java:4230)
	at com.cinarcorp.productSupply.model.User.toString(User.java:13)
	at java.base/java.lang.String.valueOf(String.java:4230)
	at com.cinarcorp.productSupply.model.Order.toString(Order.java:15)
	at java.base/java.lang.String.valueOf(String.java:4230)
	at java.base/java.lang.StringBuilder.append(StringBuilder.java:173)
	at java.base/java.util.AbstractCollection.toString(AbstractCollection.java:459)
	at org.hibernate.collection.spi.PersistentBag.toString(PersistentBag.java:590)
	at java.base/java.lang.String.valueOf(String.java:4230)
	at com.cinarcorp.productSupply.model.User.toString(User.java:13)
	at java.base/java.lang.String.valueOf(String.java:4230)
	at com.cinarcorp.productSupply.model.Order.toString(Order.java:15)
	at java.base/java.lang.String.valueOf(String.java:4230)
	at java.base/java.lang.StringBuilder.append(StringBuilder.java:173)
	at java.base/java.util.AbstractCollection.toString(AbstractCollection.java:459)
	at org.hibernate.collection.spi.PersistentBag.toString(PersistentBag.java:590)
	at java.base/java.lang.String.valueOf(String.java:4230)
	at com.cinarcorp.productSupply.model.User.toString(User.java:13)
	at java.base/java.lang.String.valueOf(String.java:4230)
	at com.cinarcorp.productSupply.model.Order.toString(Order.java:15)
	at java.base/java.lang.String.valueOf(String.java:4230)
	at java.base/java.lang.StringBuilder.append(StringBuilder.java:173)
	at java.base/java.util.AbstractCollection.toString(AbstractCollection.java:459)
	at org.hibernate.collection.spi.PersistentBag.toString(PersistentBag.java:590)
	at java.base/java.lang.String.valueOf(String.java:4230)
	at com.cinarcorp.productSupply.model.User.toString(User.java:13)
	at java.base/java.lang.String.valueOf(String.java:4230)
	at com.cinarcorp.productSupply.model.Order.toString(Order.java:15)
	at java.base/java.lang.String.valueOf(String.java:4230)
	at java.base/java.lang.StringBuilder.append(StringBuilder.java:173)
	at java.base/java.util.AbstractCollection.toString(AbstractCollection.java:459)
	at org.hibernate.collection.spi.PersistentBag.toString(PersistentBag.java:590)
	at java.base/java.lang.String.valueOf(String.java:4230)
	at com.cinarcorp.productSupply.model.User.toString(User.java:13)
	at java.base/java.lang.String.valueOf(String.java:4230)
	at com.cinarcorp.productSupply.model.Order.toString(Order.java:15)
	at java.base/java.lang.String.valueOf(String.java:4230)
	at java.base/java.lang.StringBuilder.append(StringBuilder.java:173)
	at java.base/java.util.AbstractCollection.toString(AbstractCollection.java:459)
	at org.hibernate.collection.spi.PersistentBag.toString(PersistentBag.java:590)
	at java.base/java.lang.String.valueOf(String.java:4230)
	at com.cinarcorp.productSupply.model.User.toString(User.java:13)
	at java.base/java.lang.String.valueOf(String.java:4230)
	at com.cinarcorp.productSupply.model.Order.toString(Order.java:15)
	at java.base/java.lang.String.valueOf(String.java:4230)
	at java.base/java.lang.StringBuilder.append(StringBuilder.java:173)
	at java.base/java.util.AbstractCollection.toString(AbstractCollection.java:459)
	at org.hibernate.collection.spi.PersistentBag.toString(PersistentBag.java:590)
	at java.base/java.lang.String.valueOf(String.java:4230)
	at com.cinarcorp.productSupply.model.User.toString(User.java:13)
	at java.base/java.lang.String.valueOf(String.java:4230)
	at com.cinarcorp.productSupply.model.Order.toString(Order.java:15)
	at java.base/java.lang.String.valueOf(String.java:4230)
	at java.base/java.lang.StringBuilder.append(StringBuilder.java:173)
	at java.base/java.util.AbstractCollection.toString(AbstractCollection.java:459)
	at org.hibernate.collection.spi.PersistentBag.toString(PersistentBag.java:590)
	at java.base/java.lang.String.valueOf(String.java:4230)
	at com.cinarcorp.productSupply.model.User.toString(User.java:13)
	at java.base/java.lang.String.valueOf(String.java:4230)
	at com.cinarcorp.productSupply.model.Order.toString(Order.java:15)
	at java.base/java.lang.String.valueOf(String.java:4230)
	at java.base/java.lang.StringBuilder.append(StringBuilder.java:173)
	at java.base/java.util.AbstractCollection.toString(AbstractCollection.java:459)
	at org.hibernate.collection.spi.PersistentBag.toString(PersistentBag.java:590)
	at java.base/java.lang.String.valueOf(String.java:4230)
	at com.cinarcorp.productSupply.model.User.toString(User.java:13)
	at java.base/java.lang.String.valueOf(String.java:4230)
	at com.cinarcorp.productSupply.model.Order.toString(Order.java:15)
	at java.base/java.lang.String.valueOf(String.java:4230)
	at java.base/java.lang.StringBuilder.append(StringBuilder.java:173)
	at java.base/java.util.AbstractCollection.toString(AbstractCollection.java:459)
	at org.hibernate.collection.spi.PersistentBag.toString(PersistentBag.java:590)
	at java.base/java.lang.String.valueOf(String.java:4230)
	at com.cinarcorp.productSupply.model.User.toString(User.java:13)
	at java.base/java.lang.String.valueOf(String.java:4230)
	at com.cinarcorp.productSupply.model.Order.toString(Order.java:15)
	at java.base/java.lang.String.valueOf(String.java:4230)
	at java.base/java.lang.StringBuilder.append(StringBuilder.java:173)
	at java.base/java.util.AbstractCollection.toString(AbstractCollection.java:459)
	at org.hibernate.collection.spi.PersistentBag.toString(PersistentBag.java:590)
	at java.base/java.lang.String.valueOf(String.java:4230)
	at com.cinarcorp.productSupply.model.User.toString(User.java:13)
	at java.base/java.lang.String.valueOf(String.java:4230)
	at com.cinarcorp.productSupply.model.Order.toString(Order.java:15)
	at java.base/java.lang.String.valueOf(String.java:4230)
	at java.base/java.lang.StringBuilder.append(StringBuilder.java:173)
	at java.base/java.util.AbstractCollection.toString(AbstractCollection.java:459)
	at org.hibernate.collection.spi.PersistentBag.toString(PersistentBag.java:590)
	at java.base/java.lang.String.valueOf(String.java:4230)
	at com.cinarcorp.productSupply.model.User.toString(User.java:13)
	at java.base/java.lang.String.valueOf(String.java:4230)
	at com.cinarcorp.productSupply.model.Order.toString(Order.java:15)
	at java.base/java.lang.String.valueOf(String.java:4230)
	at java.base/java.lang.StringBuilder.append(StringBuilder.java:173)
	at java.base/java.util.AbstractCollection.toString(AbstractCollection.java:459)
	at org.hibernate.collection.spi.PersistentBag.toString(PersistentBag.java:590)
	at java.base/java.lang.String.valueOf(String.java:4230)
	at com.cinarcorp.productSupply.model.User.toString(User.java:13)
	at java.base/java.lang.String.valueOf(String.java:4230)
	at com.cinarcorp.productSupply.model.Order.toString(Order.java:15)
	at java.base/java.lang.String.valueOf(String.java:4230)
	at java.base/java.lang.StringBuilder.append(StringBuilder.java:173)
	at java.base/java.util.AbstractCollection.toString(AbstractCollection.java:459)
	at org.hibernate.collection.spi.PersistentBag.toString(PersistentBag.java:590)
	at java.base/java.lang.String.valueOf(String.java:4230)
	at com.cinarcorp.productSupply.model.User.toString(User.java:13)
	at java.base/java.lang.String.valueOf(String.java:4230)
	at com.cinarcorp.productSupply.model.Order.toString(Order.java:15)
	at java.base/java.lang.String.valueOf(String.java:4230)
	at java.base/java.lang.StringBuilder.append(StringBuilder.java:173)
	at java.base/java.util.AbstractCollection.toString(AbstractCollection.java:459)
	at org.hibernate.collection.spi.PersistentBag.toString(PersistentBag.java:590)
	at java.base/java.lang.String.valueOf(String.java:4230)
	at com.cinarcorp.productSupply.model.User.toString(User.java:13)
	at java.base/java.lang.String.valueOf(String.java:4230)
	at com.cinarcorp.productSupply.model.Order.toString(Order.java:15)
	at java.base/java.lang.String.valueOf(String.java:4230)
	at java.base/java.lang.StringBuilder.append(StringBuilder.java:173)
	at java.base/java.util.AbstractCollection.toString(AbstractCollection.java:459)
	at org.hibernate.collection.spi.PersistentBag.toString(PersistentBag.java:590)
	at java.base/java.lang.String.valueOf(String.java:4230)
	at com.cinarcorp.productSupply.model.User.toString(User.java:13)
	at java.base/java.lang.String.valueOf(String.java:4230)
	at com.cinarcorp.productSupply.model.Order.toString(Order.java:15)
	at java.base/java.lang.String.valueOf(String.java:4230)
	at java.base/java.lang.StringBuilder.append(StringBuilder.java:173)
	at java.base/java.util.AbstractCollection.toString(AbstractCollection.java:459)
	at org.hibernate.collection.spi.PersistentBag.toString(PersistentBag.java:590)
	at java.base/java.lang.String.valueOf(String.java:4230)
	at com.cinarcorp.productSupply.model.User.toString(User.java:13)
	at java.base/java.lang.String.valueOf(String.java:4230)
	at com.cinarcorp.productSupply.model.Order.toString(Order.java:15)
	at java.base/java.lang.String.valueOf(String.java:4230)
	at java.base/java.lang.StringBuilder.append(StringBuilder.java:173)
	at java.base/java.util.AbstractCollection.toString(AbstractCollection.java:459)
	at org.hibernate.collection.spi.PersistentBag.toString(PersistentBag.java:590)
	at java.base/java.lang.String.valueOf(String.java:4230)
	at com.cinarcorp.productSupply.model.User.toString(User.java:13)
	at java.base/java.lang.String.valueOf(String.java:4230)
	at com.cinarcorp.productSupply.model.Order.toString(Order.java:15)
	at java.base/java.lang.String.valueOf(String.java:4230)
	at java.base/java.lang.StringBuilder.append(StringBuilder.java:173)
	at java.base/java.util.AbstractCollection.toString(AbstractCollection.java:459)
	at org.hibernate.collection.spi.PersistentBag.toString(PersistentBag.java:590)
	at java.base/java.lang.String.valueOf(String.java:4230)
	at com.cinarcorp.productSupply.model.User.toString(User.java:13)
	at java.base/java.lang.String.valueOf(String.java:4230)
	at com.cinarcorp.productSupply.model.Order.toString(Order.java:15)
	at java.base/java.lang.String.valueOf(String.java:4230)
	at java.base/java.lang.StringBuilder.append(StringBuilder.java:173)
	at java.base/java.util.AbstractCollection.toString(AbstractCollection.java:459)
	at org.hibernate.collection.spi.PersistentBag.toString(PersistentBag.java:590)
	at java.base/java.lang.String.valueOf(String.java:4230)
	at com.cinarcorp.productSupply.model.User.toString(User.java:13)
	at java.base/java.lang.String.valueOf(String.java:4230)
	at com.cinarcorp.productSupply.model.Order.toString(Order.java:15)
	at java.base/java.lang.String.valueOf(String.java:4230)
	at java.base/java.lang.StringBuilder.append(StringBuilder.java:173)
	at java.base/java.util.AbstractCollection.toString(AbstractCollection.java:459)
	at org.hibernate.collection.spi.PersistentBag.toString(PersistentBag.java:590)
	at java.base/java.lang.String.valueOf(String.java:4230)
	at com.cinarcorp.productSupply.model.User.toString(User.java:13)
	at java.base/java.lang.String.valueOf(String.java:4230)
	at com.cinarcorp.productSupply.model.Order.toString(Order.java:15)
	at java.base/java.lang.String.valueOf(String.java:4230)
	at java.base/java.lang.StringBuilder.append(StringBuilder.java:173)
	at java.base/java.util.AbstractCollection.toString(AbstractCollection.java:459)
	at org.hibernate.collection.spi.PersistentBag.toString(PersistentBag.java:590)
	at java.base/java.lang.String.valueOf(String.java:4230)
	at com.cinarcorp.productSupply.model.User.toString(User.java:13)
	at java.base/java.lang.String.valueOf(String.java:4230)
	at com.cinarcorp.productSupply.model.Order.toString(Order.java:15)
	at java.base/java.lang.String.valueOf(String.java:4230)
	at java.base/java.lang.StringBuilder.append(StringBuilder.java:173)
	at java.base/java.util.AbstractCollection.toString(AbstractCollection.java:459)
	at org.hibernate.collection.spi.PersistentBag.toString(PersistentBag.java:590)
	at java.base/java.lang.String.valueOf(String.java:4230)
	at com.cinarcorp.productSupply.model.User.toString(User.java:13)
	at java.base/java.lang.String.valueOf(String.java:4230)
	at com.cinarcorp.productSupply.model.Order.toString(Order.java:15)
	at java.base/java.lang.String.valueOf(String.java:4230)
	at java.base/java.lang.StringBuilder.append(StringBuilder.java:173)
	at java.base/java.util.AbstractCollection.toString(AbstractCollection.java:459)
	at org.hibernate.collection.spi.PersistentBag.toString(PersistentBag.java:590)
	at java.base/java.lang.String.valueOf(String.java:4230)
	at com.cinarcorp.productSupply.model.User.toString(User.java:13)
	at java.base/java.lang.String.valueOf(String.java:4230)
	at com.cinarcorp.productSupply.model.Order.toString(Order.java:15)
	at java.base/java.lang.String.valueOf(String.java:4230)
	at java.base/java.lang.StringBuilder.append(StringBuilder.java:173)
	at java.base/java.util.AbstractCollection.toString(AbstractCollection.java:459)
	at org.hibernate.collection.spi.PersistentBag.toString(PersistentBag.java:590)
	at java.base/java.lang.String.valueOf(String.java:4230)
	at com.cinarcorp.productSupply.model.User.toString(User.java:13)
	at java.base/java.lang.String.valueOf(String.java:4230)
	at com.cinarcorp.productSupply.model.Order.toString(Order.java:15)
	at java.base/java.lang.String.valueOf(String.java:4230)
	at java.base/java.lang.StringBuilder.append(StringBuilder.java:173)
	at java.base/java.util.AbstractCollection.toString(AbstractCollection.java:459)
	at org.hibernate.collection.spi.PersistentBag.toString(PersistentBag.java:590)
	at java.base/java.lang.String.valueOf(String.java:4230)
	at com.cinarcorp.productSupply.model.User.toString(User.java:13)
	at java.base/java.lang.String.valueOf(String.java:4230)
	at com.cinarcorp.productSupply.model.Order.toString(Order.java:15)
	at java.base/java.lang.String.valueOf(String.java:4230)
	at java.base/java.lang.StringBuilder.append(StringBuilder.java:173)
	at java.base/java.util.AbstractCollection.toString(AbstractCollection.java:459)
	at org.hibernate.collection.spi.PersistentBag.toString(PersistentBag.java:590)
	at java.base/java.lang.String.valueOf(String.java:4230)
	at com.cinarcorp.productSupply.model.User.toString(User.java:13)
	at java.base/java.lang.String.valueOf(String.java:4230)
	at com.cinarcorp.productSupply.model.Order.toString(Order.java:15)
	at java.base/java.lang.String.valueOf(String.java:4230)
	at java.base/java.lang.StringBuilder.append(StringBuilder.java:173)
	at java.base/java.util.AbstractCollection.toString(AbstractCollection.java:459)
	at org.hibernate.collection.spi.PersistentBag.toString(PersistentBag.java:590)
	at java.base/java.lang.String.valueOf(String.java:4230)
	at com.cinarcorp.productSupply.model.User.toString(User.java:13)
	at java.base/java.lang.String.valueOf(String.java:4230)
	at com.cinarcorp.productSupply.model.Order.toString(Order.java:15)
	at java.base/java.lang.String.valueOf(String.java:4230)
	at java.base/java.lang.StringBuilder.append(StringBuilder.java:173)
	at java.base/java.util.AbstractCollection.toString(AbstractCollection.java:459)
	at org.hibernate.collection.spi.PersistentBag.toString(PersistentBag.java:590)
	at java.base/java.lang.String.valueOf(String.java:4230)
	at com.cinarcorp.productSupply.model.User.toString(User.java:13)
	at java.base/java.lang.String.valueOf(String.java:4230)
	at com.cinarcorp.productSupply.model.Order.toString(Order.java:15)
	at java.base/java.lang.String.valueOf(String.java:4230)
	at java.base/java.lang.StringBuilder.append(StringBuilder.java:173)
	at java.base/java.util.AbstractCollection.toString(AbstractCollection.java:459)
	at org.hibernate.collection.spi.PersistentBag.toString(PersistentBag.java:590)
	at java.base/java.lang.String.valueOf(String.java:4230)
	at com.cinarcorp.productSupply.model.User.toString(User.java:13)
	at java.base/java.lang.String.valueOf(String.java:4230)
	at com.cinarcorp.productSupply.model.Order.toString(Order.java:15)
	at java.base/java.lang.String.valueOf(String.java:4230)
	at java.base/java.lang.StringBuilder.append(StringBuilder.java:173)
	at java.base/java.util.AbstractCollection.toString(AbstractCollection.java:459)
	at org.hibernate.collection.spi.PersistentBag.toString(PersistentBag.java:590)
	at java.base/java.lang.String.valueOf(String.java:4230)
	at com.cinarcorp.productSupply.model.User.toString(User.java:13)
	at java.base/java.lang.String.valueOf(String.java:4230)
	at com.cinarcorp.productSupply.model.Order.toString(Order.java:15)
	at java.base/java.lang.String.valueOf(String.java:4230)
	at java.base/java.lang.StringBuilder.append(StringBuilder.java:173)
	at java.base/java.util.AbstractCollection.toString(AbstractCollection.java:459)
	at org.hibernate.collection.spi.PersistentBag.toString(PersistentBag.java:590)
	at java.base/java.lang.String.valueOf(String.java:4230)
	at com.cinarcorp.productSupply.model.User.toString(User.java:13)
	at java.base/java.lang.String.valueOf(String.java:4230)
	at com.cinarcorp.productSupply.model.Order.toString(Order.java:15)
	at java.base/java.lang.String.valueOf(String.java:4230)
	at java.base/java.lang.StringBuilder.append(StringBuilder.java:173)
	at java.base/java.util.AbstractCollection.toString(AbstractCollection.java:459)
	at org.hibernate.collection.spi.PersistentBag.toString(PersistentBag.java:590)
	at java.base/java.lang.String.valueOf(String.java:4230)
	at com.cinarcorp.productSupply.model.User.toString(User.java:13)
	at java.base/java.lang.String.valueOf(String.java:4230)
	at com.cinarcorp.productSupply.model.Order.toString(Order.java:15)
	at java.base/java.lang.String.valueOf(String.java:4230)
	at java.base/java.lang.StringBuilder.append(StringBuilder.java:173)
	at java.base/java.util.AbstractCollection.toString(AbstractCollection.java:459)
	at org.hibernate.collection.spi.PersistentBag.toString(PersistentBag.java:590)
	at java.base/java.lang.String.valueOf(String.java:4230)
	at com.cinarcorp.productSupply.model.User.toString(User.java:13)
	at java.base/java.lang.String.valueOf(String.java:4230)
	at com.cinarcorp.productSupply.model.Order.toString(Order.java:15)
	at java.base/java.lang.String.valueOf(String.java:4230)
	at java.base/java.lang.StringBuilder.append(StringBuilder.java:173)
	at java.base/java.util.AbstractCollection.toString(AbstractCollection.java:459)
	at org.hibernate.collection.spi.PersistentBag.toString(PersistentBag.java:590)
	at java.base/java.lang.String.valueOf(String.java:4230)
	at com.cinarcorp.productSupply.model.User.toString(User.java:13)
	at java.base/java.lang.String.valueOf(String.java:4230)
	at com.cinarcorp.productSupply.model.Order.toString(Order.java:15)
	at java.base/java.lang.String.valueOf(String.java:4230)
	at java.base/java.lang.StringBuilder.append(StringBuilder.java:173)
	at java.base/java.util.AbstractCollection.toString(AbstractCollection.java:459)
	at org.hibernate.collection.spi.PersistentBag.toString(PersistentBag.java:590)
	at java.base/java.lang.String.valueOf(String.java:4230)
	at com.cinarcorp.productSupply.model.User.toString(User.java:13)
	at java.base/java.lang.String.valueOf(String.java:4230)
	at com.cinarcorp.productSupply.model.Order.toString(Order.java:15)
	at java.base/java.lang.String.valueOf(String.java:4230)
	at java.base/java.lang.StringBuilder.append(StringBuilder.java:173)
	at java.base/java.util.AbstractCollection.toString(AbstractCollection.java:459)
	at org.hibernate.collection.spi.PersistentBag.toString(PersistentBag.java:590)
	at java.base/java.lang.String.valueOf(String.java:4230)
	at com.cinarcorp.productSupply.model.User.toString(User.java:13)
	at java.base/java.lang.String.valueOf(String.java:4230)
	at com.cinarcorp.productSupply.model.Order.toString(Order.java:15)
	at java.base/java.lang.String.valueOf(String.java:4230)
	at java.base/java.lang.StringBuilder.append(StringBuilder.java:173)
	at java.base/java.util.AbstractCollection.toString(AbstractCollection.java:459)
	at org.hibernate.collection.spi.PersistentBag.toString(PersistentBag.java:590)
	at java.base/java.lang.String.valueOf(String.java:4230)
	at com.cinarcorp.productSupply.model.User.toString(User.java:13)
]]></error>
    <system-out><![CDATA[Hibernate: select u1_0.id,u1_0.address,u1_0.email_address,u1_0.first_name,u1_0.last_name from tbl_users u1_0 where u1_0.id=?
Hibernate: select o1_0.user_id,o1_0.id,o1_0.is_complete,o1_0.order_date,o1_0.piece,o1_0.total_paid from tbl_orders o1_0 where o1_0.user_id=?
Hibernate: select p1_0.order_id,p1_0.id,p1_0.description,p1_0.price,p1_0.product_name from tbl_products p1_0 where p1_0.order_id=?
Hibernate: select p1_0.order_id,p1_0.id,p1_0.description,p1_0.price,p1_0.product_name from tbl_products p1_0 where p1_0.order_id=?
Hibernate: select p1_0.order_id,p1_0.id,p1_0.description,p1_0.price,p1_0.product_name from tbl_products p1_0 where p1_0.order_id=?
Hibernate: select p1_0.order_id,p1_0.id,p1_0.description,p1_0.price,p1_0.product_name from tbl_products p1_0 where p1_0.order_id=?
Hibernate: select p1_0.order_id,p1_0.id,p1_0.description,p1_0.price,p1_0.product_name from tbl_products p1_0 where p1_0.order_id=?
Hibernate: select p1_0.order_id,p1_0.id,p1_0.description,p1_0.price,p1_0.product_name from tbl_products p1_0 where p1_0.order_id=?
Hibernate: select p1_0.order_id,p1_0.id,p1_0.description,p1_0.price,p1_0.product_name from tbl_products p1_0 where p1_0.order_id=?
Hibernate: select p1_0.order_id,p1_0.id,p1_0.description,p1_0.price,p1_0.product_name from tbl_products p1_0 where p1_0.order_id=?
Hibernate: select p1_0.order_id,p1_0.id,p1_0.description,p1_0.price,p1_0.product_name from tbl_products p1_0 where p1_0.order_id=?
Hibernate: select p1_0.order_id,p1_0.id,p1_0.description,p1_0.price,p1_0.product_name from tbl_products p1_0 where p1_0.order_id=?
Hibernate: select p1_0.order_id,p1_0.id,p1_0.description,p1_0.price,p1_0.product_name from tbl_products p1_0 where p1_0.order_id=?
Hibernate: select p1_0.order_id,p1_0.id,p1_0.description,p1_0.price,p1_0.product_name from tbl_products p1_0 where p1_0.order_id=?
Hibernate: select p1_0.order_id,p1_0.id,p1_0.description,p1_0.price,p1_0.product_name from tbl_products p1_0 where p1_0.order_id=?
Hibernate: select p1_0.order_id,p1_0.id,p1_0.description,p1_0.price,p1_0.product_name from tbl_products p1_0 where p1_0.order_id=?
Hibernate: select p1_0.order_id,p1_0.id,p1_0.description,p1_0.price,p1_0.product_name from tbl_products p1_0 where p1_0.order_id=?
]]></system-out>
  </testcase>
</testsuite>